2024-07-26 00:14:59,305 - WARNING - Ignoring file with non-torrent extension: C:/Users/matt/Downloads\uyVLbWXL.zip.part
2024-07-26 00:14:59,335 - WARNING - Ignoring file with non-torrent extension: C:/Users/matt/Downloads\Dungeons &amp; Dragons 3.5 Edition's torrents.zip
2024-07-26 00:15:08,989 - ERROR - Error transferring file: C:/Users/matt/Downloads\Dungeons &amp; Dragons 3.5 Edition's torrents\2013 - 01\Pen and Paper RPG - Dungeons & Dragons 3.5 Edition - 2003.8830.torrent - 553 Could not create file.
2024-07-26 00:15:09,085 - ERROR - File transfer failed: C:/Users/matt/Downloads\Dungeons &amp; Dragons 3.5 Edition's torrents\2013 - 01\Pen and Paper RPG - Dungeons & Dragons 3.5 Edition - 2003.8830.torrent
2024-07-26 00:15:09,482 - ERROR - Error transferring file: C:/Users/matt/Downloads\Dungeons &amp; Dragons 3.5 Edition's torrents\2013 - 04\Pen and Paper RPG - Dungeons & Dragons 3.5 Edition - 2003.19120.torrent - 553 Could not create file.
2024-07-26 00:15:09,543 - ERROR - File transfer failed: C:/Users/matt/Downloads\Dungeons &amp; Dragons 3.5 Edition's torrents\2013 - 04\Pen and Paper RPG - Dungeons & Dragons 3.5 Edition - 2003.19120.torrent
2024-07-26 00:15:09,924 - ERROR - Error transferring file: C:/Users/matt/Downloads\Dungeons &amp; Dragons 3.5 Edition's torrents\2013 - 04\Pen and Paper RPG - Dungeons & Dragons 3.5 Edition - 2003.19121.torrent - 553 Could not create file.
2024-07-26 00:15:10,016 - ERROR - File transfer failed: C:/Users/matt/Downloads\Dungeons &amp; Dragons 3.5 Edition's torrents\2013 - 04\Pen and Paper RPG - Dungeons & Dragons 3.5 Edition - 2003.19121.torrent
2024-07-26 00:15:10,396 - ERROR - Error transferring file: C:/Users/matt/Downloads\Dungeons &amp; Dragons 3.5 Edition's torrents\2013 - 04\Pen and Paper RPG - Dungeons & Dragons 3.5 Edition - 2003.19123.torrent - 553 Could not create file.
2024-07-26 00:15:10,458 - ERROR - File transfer failed: C:/Users/matt/Downloads\Dungeons &amp; Dragons 3.5 Edition's torrents\2013 - 04\Pen and Paper RPG - Dungeons & Dragons 3.5 Edition - 2003.19123.torrent
2024-07-26 00:15:10,842 - ERROR - Error transferring file: C:/Users/matt/Downloads\Dungeons &amp; Dragons 3.5 Edition's torrents\2013 - 04\Pen and Paper RPG - Dungeons & Dragons 3.5 Edition - 2004.19210.torrent - 553 Could not create file.
2024-07-26 00:15:10,921 - ERROR - File transfer failed: C:/Users/matt/Downloads\Dungeons &amp; Dragons 3.5 Edition's torrents\2013 - 04\Pen and Paper RPG - Dungeons & Dragons 3.5 Edition - 2004.19210.torrent
2024-07-26 00:15:11,302 - ERROR - Error transferring file: C:/Users/matt/Downloads\Dungeons &amp; Dragons 3.5 Edition's torrents\2013 - 04\Pen and Paper RPG - Dungeons & Dragons 3.5 Edition - 2005.19209.torrent - 553 Could not create file.
2024-07-26 00:15:11,348 - ERROR - File transfer failed: C:/Users/matt/Downloads\Dungeons &amp; Dragons 3.5 Edition's torrents\2013 - 04\Pen and Paper RPG - Dungeons & Dragons 3.5 Edition - 2005.19209.torrent
2024-07-26 00:15:11,732 - ERROR - Error transferring file: C:/Users/matt/Downloads\Dungeons &amp; Dragons 3.5 Edition's torrents\2013 - 04\Pen and Paper RPG - Dungeons & Dragons 3.5 Edition - 2007.19128.torrent - 553 Could not create file.
2024-07-26 00:15:11,811 - ERROR - File transfer failed: C:/Users/matt/Downloads\Dungeons &amp; Dragons 3.5 Edition's torrents\2013 - 04\Pen and Paper RPG - Dungeons & Dragons 3.5 Edition - 2007.19128.torrent
2024-07-26 00:15:12,132 - ERROR - Error transferring file: C:/Users/matt/Downloads\Dungeons &amp; Dragons 3.5 Edition's torrents\2013 - 04\Pen and Paper RPG - Dungeons & Dragons 3.5 Edition - 2007.19129.torrent - 553 Could not create file.
2024-07-26 00:15:12,208 - ERROR - File transfer failed: C:/Users/matt/Downloads\Dungeons &amp; Dragons 3.5 Edition's torrents\2013 - 04\Pen and Paper RPG - Dungeons & Dragons 3.5 Edition - 2007.19129.torrent
2024-07-26 00:15:12,592 - ERROR - Error transferring file: C:/Users/matt/Downloads\Dungeons &amp; Dragons 3.5 Edition's torrents\2013 - 04\Pen and Paper RPG - Dungeons & Dragons 3.5 Edition - 2007.19131.torrent - 553 Could not create file.
2024-07-26 00:15:12,638 - ERROR - File transfer failed: C:/Users/matt/Downloads\Dungeons &amp; Dragons 3.5 Edition's torrents\2013 - 04\Pen and Paper RPG - Dungeons & Dragons 3.5 Edition - 2007.19131.torrent
2024-07-26 00:15:12,986 - ERROR - Error transferring file: C:/Users/matt/Downloads\Dungeons &amp; Dragons 3.5 Edition's torrents\2013 - 04\Pen and Paper RPG - Dungeons & Dragons 3.5 Edition - 2007.19133.torrent - 553 Could not create file.
2024-07-26 00:15:13,065 - ERROR - File transfer failed: C:/Users/matt/Downloads\Dungeons &amp; Dragons 3.5 Edition's torrents\2013 - 04\Pen and Paper RPG - Dungeons & Dragons 3.5 Edition - 2007.19133.torrent
2024-07-26 00:15:13,420 - ERROR - Error transferring file: C:/Users/matt/Downloads\Dungeons &amp; Dragons 3.5 Edition's torrents\2013 - 04\Pen and Paper RPG - Dungeons & Dragons 3.5 Edition - 2007.19134.torrent - 553 Could not create file.
2024-07-26 00:15:13,467 - ERROR - File transfer failed: C:/Users/matt/Downloads\Dungeons &amp; Dragons 3.5 Edition's torrents\2013 - 04\Pen and Paper RPG - Dungeons & Dragons 3.5 Edition - 2007.19134.torrent
2024-07-26 00:15:13,867 - ERROR - Error transferring file: C:/Users/matt/Downloads\Dungeons &amp; Dragons 3.5 Edition's torrents\2013 - 04\Pen and Paper RPG - Dungeons & Dragons 3.5 Edition - 2007.19135.torrent - 553 Could not create file.
2024-07-26 00:15:13,928 - ERROR - File transfer failed: C:/Users/matt/Downloads\Dungeons &amp; Dragons 3.5 Edition's torrents\2013 - 04\Pen and Paper RPG - Dungeons & Dragons 3.5 Edition - 2007.19135.torrent
2024-07-26 00:15:14,283 - ERROR - Error transferring file: C:/Users/matt/Downloads\Dungeons &amp; Dragons 3.5 Edition's torrents\2013 - 04\Pen and Paper RPG - Dungeons & Dragons 3.5 Edition - 2007.19136.torrent - 553 Could not create file.
2024-07-26 00:15:14,378 - ERROR - File transfer failed: C:/Users/matt/Downloads\Dungeons &amp; Dragons 3.5 Edition's torrents\2013 - 04\Pen and Paper RPG - Dungeons & Dragons 3.5 Edition - 2007.19136.torrent
2024-07-26 00:15:14,778 - ERROR - Error transferring file: C:/Users/matt/Downloads\Dungeons &amp; Dragons 3.5 Edition's torrents\2013 - 04\Pen and Paper RPG - Dungeons & Dragons 3.5 Edition - 2007.19138.torrent - 553 Could not create file.
2024-07-26 00:15:14,855 - ERROR - File transfer failed: C:/Users/matt/Downloads\Dungeons &amp; Dragons 3.5 Edition's torrents\2013 - 04\Pen and Paper RPG - Dungeons & Dragons 3.5 Edition - 2007.19138.torrent
2024-07-26 00:15:15,222 - ERROR - Error transferring file: C:/Users/matt/Downloads\Dungeons &amp; Dragons 3.5 Edition's torrents\2013 - 04\Pen and Paper RPG - Dungeons & Dragons 3.5 Edition - 2007.19139.torrent - 553 Could not create file.
2024-07-26 00:15:15,300 - ERROR - File transfer failed: C:/Users/matt/Downloads\Dungeons &amp; Dragons 3.5 Edition's torrents\2013 - 04\Pen and Paper RPG - Dungeons & Dragons 3.5 Edition - 2007.19139.torrent
2024-07-26 00:15:15,637 - ERROR - Error transferring file: C:/Users/matt/Downloads\Dungeons &amp; Dragons 3.5 Edition's torrents\2013 - 04\Pen and Paper RPG - Dungeons & Dragons 3.5 Edition - 2007.19141.torrent - 553 Could not create file.
2024-07-26 00:15:15,716 - ERROR - File transfer failed: C:/Users/matt/Downloads\Dungeons &amp; Dragons 3.5 Edition's torrents\2013 - 04\Pen and Paper RPG - Dungeons & Dragons 3.5 Edition - 2007.19141.torrent
2024-07-26 00:15:16,087 - ERROR - Error transferring file: C:/Users/matt/Downloads\Dungeons &amp; Dragons 3.5 Edition's torrents\2013 - 04\Pen and Paper RPG - Dungeons & Dragons 3.5 Edition - 2007.19142.torrent - 553 Could not create file.
2024-07-26 00:15:16,164 - ERROR - File transfer failed: C:/Users/matt/Downloads\Dungeons &amp; Dragons 3.5 Edition's torrents\2013 - 04\Pen and Paper RPG - Dungeons & Dragons 3.5 Edition - 2007.19142.torrent
2024-07-26 00:15:16,533 - ERROR - Error transferring file: C:/Users/matt/Downloads\Dungeons &amp; Dragons 3.5 Edition's torrents\2013 - 04\Pen and Paper RPG - Dungeons & Dragons 3.5 Edition - 2007.19143.torrent - 553 Could not create file.
2024-07-26 00:15:16,627 - ERROR - File transfer failed: C:/Users/matt/Downloads\Dungeons &amp; Dragons 3.5 Edition's torrents\2013 - 04\Pen and Paper RPG - Dungeons & Dragons 3.5 Edition - 2007.19143.torrent
2024-07-26 00:15:17,011 - ERROR - Error transferring file: C:/Users/matt/Downloads\Dungeons &amp; Dragons 3.5 Edition's torrents\2013 - 04\Pen and Paper RPG - Dungeons & Dragons 3.5 Edition - 2007.19144.torrent - 553 Could not create file.
2024-07-26 00:15:17,086 - ERROR - File transfer failed: C:/Users/matt/Downloads\Dungeons &amp; Dragons 3.5 Edition's torrents\2013 - 04\Pen and Paper RPG - Dungeons & Dragons 3.5 Edition - 2007.19144.torrent
2024-07-26 00:15:17,465 - ERROR - Error transferring file: C:/Users/matt/Downloads\Dungeons &amp; Dragons 3.5 Edition's torrents\2013 - 04\Pen and Paper RPG - Dungeons & Dragons 3.5 Edition - 2007.19145.torrent - 553 Could not create file.
2024-07-26 00:15:17,543 - ERROR - File transfer failed: C:/Users/matt/Downloads\Dungeons &amp; Dragons 3.5 Edition's torrents\2013 - 04\Pen and Paper RPG - Dungeons & Dragons 3.5 Edition - 2007.19145.torrent
2024-07-26 00:15:17,937 - ERROR - Error transferring file: C:/Users/matt/Downloads\Dungeons &amp; Dragons 3.5 Edition's torrents\2013 - 04\Pen and Paper RPG - Dungeons & Dragons 3.5 Edition - 2007.19186.torrent - 553 Could not create file.
2024-07-26 00:15:18,013 - ERROR - File transfer failed: C:/Users/matt/Downloads\Dungeons &amp; Dragons 3.5 Edition's torrents\2013 - 04\Pen and Paper RPG - Dungeons & Dragons 3.5 Edition - 2007.19186.torrent
2024-07-26 00:15:18,377 - ERROR - Error transferring file: C:/Users/matt/Downloads\Dungeons &amp; Dragons 3.5 Edition's torrents\2013 - 04\Pen and Paper RPG - Dungeons & Dragons 3.5 Edition - 2007.19187.torrent - 553 Could not create file.
2024-07-26 00:15:18,467 - ERROR - File transfer failed: C:/Users/matt/Downloads\Dungeons &amp; Dragons 3.5 Edition's torrents\2013 - 04\Pen and Paper RPG - Dungeons & Dragons 3.5 Edition - 2007.19187.torrent
2024-07-26 00:15:18,866 - ERROR - Error transferring file: C:/Users/matt/Downloads\Dungeons &amp; Dragons 3.5 Edition's torrents\2013 - 04\Pen and Paper RPG - Dungeons & Dragons 3.5 Edition - 2007.19188.torrent - 553 Could not create file.
2024-07-26 00:15:18,943 - ERROR - File transfer failed: C:/Users/matt/Downloads\Dungeons &amp; Dragons 3.5 Edition's torrents\2013 - 04\Pen and Paper RPG - Dungeons & Dragons 3.5 Edition - 2007.19188.torrent
2024-07-26 00:15:19,326 - ERROR - Error transferring file: C:/Users/matt/Downloads\Dungeons &amp; Dragons 3.5 Edition's torrents\2013 - 04\Pen and Paper RPG - Dungeons & Dragons 3.5 Edition - 2007.19190.torrent - 553 Could not create file.
2024-07-26 00:15:19,403 - ERROR - File transfer failed: C:/Users/matt/Downloads\Dungeons &amp; Dragons 3.5 Edition's torrents\2013 - 04\Pen and Paper RPG - Dungeons & Dragons 3.5 Edition - 2007.19190.torrent
2024-07-26 00:15:19,800 - ERROR - Error transferring file: C:/Users/matt/Downloads\Dungeons &amp; Dragons 3.5 Edition's torrents\2013 - 04\Pen and Paper RPG - Dungeons & Dragons 3.5 Edition - 2007.19198.torrent - 553 Could not create file.
2024-07-26 00:15:19,877 - ERROR - File transfer failed: C:/Users/matt/Downloads\Dungeons &amp; Dragons 3.5 Edition's torrents\2013 - 04\Pen and Paper RPG - Dungeons & Dragons 3.5 Edition - 2007.19198.torrent
2024-07-26 00:15:20,265 - ERROR - Error transferring file: C:/Users/matt/Downloads\Dungeons &amp; Dragons 3.5 Edition's torrents\2013 - 04\Pen and Paper RPG - Dungeons & Dragons 3.5 Edition - 2007.19199.torrent - 553 Could not create file.
2024-07-26 00:15:20,311 - ERROR - File transfer failed: C:/Users/matt/Downloads\Dungeons &amp; Dragons 3.5 Edition's torrents\2013 - 04\Pen and Paper RPG - Dungeons & Dragons 3.5 Edition - 2007.19199.torrent
2024-07-26 00:15:20,708 - ERROR - Error transferring file: C:/Users/matt/Downloads\Dungeons &amp; Dragons 3.5 Edition's torrents\2013 - 04\Pen and Paper RPG - Dungeons & Dragons 3.5 Edition - 2007.19204.torrent - 553 Could not create file.
2024-07-26 00:15:20,769 - ERROR - File transfer failed: C:/Users/matt/Downloads\Dungeons &amp; Dragons 3.5 Edition's torrents\2013 - 04\Pen and Paper RPG - Dungeons & Dragons 3.5 Edition - 2007.19204.torrent
2024-07-26 00:15:21,135 - ERROR - Error transferring file: C:/Users/matt/Downloads\Dungeons &amp; Dragons 3.5 Edition's torrents\2013 - 04\Pen and Paper RPG - Dungeons & Dragons 3.5 Edition - 2007.19207.torrent - 553 Could not create file.
2024-07-26 00:15:21,215 - ERROR - File transfer failed: C:/Users/matt/Downloads\Dungeons &amp; Dragons 3.5 Edition's torrents\2013 - 04\Pen and Paper RPG - Dungeons & Dragons 3.5 Edition - 2007.19207.torrent
2024-07-26 00:15:21,554 - ERROR - Error transferring file: C:/Users/matt/Downloads\Dungeons &amp; Dragons 3.5 Edition's torrents\2013 - 04\Pen and Paper RPG - Dungeons & Dragons 3.5 Edition - 2007.19208.torrent - 553 Could not create file.
2024-07-26 00:15:21,615 - ERROR - File transfer failed: C:/Users/matt/Downloads\Dungeons &amp; Dragons 3.5 Edition's torrents\2013 - 04\Pen and Paper RPG - Dungeons & Dragons 3.5 Edition - 2007.19208.torrent
2024-07-26 00:15:21,986 - ERROR - Error transferring file: C:/Users/matt/Downloads\Dungeons &amp; Dragons 3.5 Edition's torrents\2013 - 04\Pen and Paper RPG - Dungeons & Dragons 3.5 Edition - 2007.19211.torrent - 553 Could not create file.
2024-07-26 00:15:22,065 - ERROR - File transfer failed: C:/Users/matt/Downloads\Dungeons &amp; Dragons 3.5 Edition's torrents\2013 - 04\Pen and Paper RPG - Dungeons & Dragons 3.5 Edition - 2007.19211.torrent
2024-07-26 00:15:22,404 - ERROR - Error transferring file: C:/Users/matt/Downloads\Dungeons &amp; Dragons 3.5 Edition's torrents\2013 - 04\Pen and Paper RPG - Dungeons & Dragons 3.5 Edition - 2007.19233.torrent - 553 Could not create file.
2024-07-26 00:15:22,481 - ERROR - File transfer failed: C:/Users/matt/Downloads\Dungeons &amp; Dragons 3.5 Edition's torrents\2013 - 04\Pen and Paper RPG - Dungeons & Dragons 3.5 Edition - 2007.19233.torrent
2024-07-26 00:15:22,852 - ERROR - Error transferring file: C:/Users/matt/Downloads\Dungeons &amp; Dragons 3.5 Edition's torrents\2013 - 04\Pen and Paper RPG - Dungeons & Dragons 3.5 Edition - 2007.19234.torrent - 553 Could not create file.
2024-07-26 00:15:22,928 - ERROR - File transfer failed: C:/Users/matt/Downloads\Dungeons &amp; Dragons 3.5 Edition's torrents\2013 - 04\Pen and Paper RPG - Dungeons & Dragons 3.5 Edition - 2007.19234.torrent
2024-07-26 00:15:23,311 - ERROR - Error transferring file: C:/Users/matt/Downloads\Dungeons &amp; Dragons 3.5 Edition's torrents\2013 - 04\Pen and Paper RPG - Dungeons & Dragons 3.5 Edition - 2007.19238.torrent - 553 Could not create file.
2024-07-26 00:15:23,371 - ERROR - File transfer failed: C:/Users/matt/Downloads\Dungeons &amp; Dragons 3.5 Edition's torrents\2013 - 04\Pen and Paper RPG - Dungeons & Dragons 3.5 Edition - 2007.19238.torrent
2024-07-26 00:15:23,753 - ERROR - Error transferring file: C:/Users/matt/Downloads\Dungeons &amp; Dragons 3.5 Edition's torrents\2013 - 04\Pen and Paper RPG - Dungeons & Dragons 3.5 Edition - 2007.19241.torrent - 553 Could not create file.
2024-07-26 00:15:23,798 - ERROR - File transfer failed: C:/Users/matt/Downloads\Dungeons &amp; Dragons 3.5 Edition's torrents\2013 - 04\Pen and Paper RPG - Dungeons & Dragons 3.5 Edition - 2007.19241.torrent
2024-07-26 00:15:24,172 - ERROR - Error transferring file: C:/Users/matt/Downloads\Dungeons &amp; Dragons 3.5 Edition's torrents\2013 - 04\Pen and Paper RPG - Dungeons & Dragons 3.5 Edition - 2007.19242.torrent - 553 Could not create file.
2024-07-26 00:15:24,249 - ERROR - File transfer failed: C:/Users/matt/Downloads\Dungeons &amp; Dragons 3.5 Edition's torrents\2013 - 04\Pen and Paper RPG - Dungeons & Dragons 3.5 Edition - 2007.19242.torrent
2024-07-26 00:15:24,552 - ERROR - Error transferring file: C:/Users/matt/Downloads\Dungeons &amp; Dragons 3.5 Edition's torrents\2013 - 04\Pen and Paper RPG - Dungeons & Dragons 3.5 Edition - 2007.19244.torrent - 553 Could not create file.
2024-07-26 00:15:24,644 - ERROR - File transfer failed: C:/Users/matt/Downloads\Dungeons &amp; Dragons 3.5 Edition's torrents\2013 - 04\Pen and Paper RPG - Dungeons & Dragons 3.5 Edition - 2007.19244.torrent
2024-07-26 00:15:25,027 - ERROR - Error transferring file: C:/Users/matt/Downloads\Dungeons &amp; Dragons 3.5 Edition's torrents\2013 - 04\Pen and Paper RPG - Dungeons & Dragons 3.5 Edition - 2007.19246.torrent - 553 Could not create file.
2024-07-26 00:15:25,105 - ERROR - File transfer failed: C:/Users/matt/Downloads\Dungeons &amp; Dragons 3.5 Edition's torrents\2013 - 04\Pen and Paper RPG - Dungeons & Dragons 3.5 Edition - 2007.19246.torrent
2024-07-26 00:15:25,458 - ERROR - Error transferring file: C:/Users/matt/Downloads\Dungeons &amp; Dragons 3.5 Edition's torrents\2013 - 04\Pen and Paper RPG - Dungeons & Dragons 3.5 Edition - 2007.19253.torrent - 553 Could not create file.
2024-07-26 00:15:25,536 - ERROR - File transfer failed: C:/Users/matt/Downloads\Dungeons &amp; Dragons 3.5 Edition's torrents\2013 - 04\Pen and Paper RPG - Dungeons & Dragons 3.5 Edition - 2007.19253.torrent
2024-07-26 00:15:25,886 - ERROR - Error transferring file: C:/Users/matt/Downloads\Dungeons &amp; Dragons 3.5 Edition's torrents\2013 - 04\Pen and Paper RPG - Dungeons & Dragons 3.5 Edition - 2007.19256.torrent - 553 Could not create file.
2024-07-26 00:15:25,962 - ERROR - File transfer failed: C:/Users/matt/Downloads\Dungeons &amp; Dragons 3.5 Edition's torrents\2013 - 04\Pen and Paper RPG - Dungeons & Dragons 3.5 Edition - 2007.19256.torrent
2024-07-26 00:15:26,347 - ERROR - Error transferring file: C:/Users/matt/Downloads\Dungeons &amp; Dragons 3.5 Edition's torrents\2013 - 04\Pen and Paper RPG - Dungeons & Dragons 3.5 Edition - 2007.19269.torrent - 553 Could not create file.
2024-07-26 00:15:26,408 - ERROR - File transfer failed: C:/Users/matt/Downloads\Dungeons &amp; Dragons 3.5 Edition's torrents\2013 - 04\Pen and Paper RPG - Dungeons & Dragons 3.5 Edition - 2007.19269.torrent
2024-07-26 00:15:26,778 - ERROR - Error transferring file: C:/Users/matt/Downloads\Dungeons &amp; Dragons 3.5 Edition's torrents\2013 - 04\Pen and Paper RPG - Dungeons & Dragons 3.5 Edition - 2007.19270.torrent - 553 Could not create file.
2024-07-26 00:15:26,854 - ERROR - File transfer failed: C:/Users/matt/Downloads\Dungeons &amp; Dragons 3.5 Edition's torrents\2013 - 04\Pen and Paper RPG - Dungeons & Dragons 3.5 Edition - 2007.19270.torrent
2024-07-26 00:15:27,222 - ERROR - Error transferring file: C:/Users/matt/Downloads\Dungeons &amp; Dragons 3.5 Edition's torrents\2013 - 04\Pen and Paper RPG - Dungeons & Dragons 3.5 Edition - 2007.19271.torrent - 553 Could not create file.
2024-07-26 00:15:27,297 - ERROR - File transfer failed: C:/Users/matt/Downloads\Dungeons &amp; Dragons 3.5 Edition's torrents\2013 - 04\Pen and Paper RPG - Dungeons & Dragons 3.5 Edition - 2007.19271.torrent
2024-07-26 00:15:27,646 - ERROR - Error transferring file: C:/Users/matt/Downloads\Dungeons &amp; Dragons 3.5 Edition's torrents\2013 - 04\Pen and Paper RPG - Dungeons & Dragons 3.5 Edition - 2007.19272.torrent - 553 Could not create file.
2024-07-26 00:15:27,722 - ERROR - File transfer failed: C:/Users/matt/Downloads\Dungeons &amp; Dragons 3.5 Edition's torrents\2013 - 04\Pen and Paper RPG - Dungeons & Dragons 3.5 Edition - 2007.19272.torrent
2024-07-26 00:15:28,105 - ERROR - Error transferring file: C:/Users/matt/Downloads\Dungeons &amp; Dragons 3.5 Edition's torrents\2013 - 04\Pen and Paper RPG - Dungeons & Dragons 3.5 Edition - 2007.19273.torrent - 553 Could not create file.
2024-07-26 00:15:28,166 - ERROR - File transfer failed: C:/Users/matt/Downloads\Dungeons &amp; Dragons 3.5 Edition's torrents\2013 - 04\Pen and Paper RPG - Dungeons & Dragons 3.5 Edition - 2007.19273.torrent
2024-07-26 00:15:28,560 - ERROR - Error transferring file: C:/Users/matt/Downloads\Dungeons &amp; Dragons 3.5 Edition's torrents\2013 - 04\Pen and Paper RPG - Dungeons & Dragons 3.5 Edition - 2007.19277.torrent - 553 Could not create file.
2024-07-26 00:15:28,639 - ERROR - File transfer failed: C:/Users/matt/Downloads\Dungeons &amp; Dragons 3.5 Edition's torrents\2013 - 04\Pen and Paper RPG - Dungeons & Dragons 3.5 Edition - 2007.19277.torrent
2024-07-26 00:15:29,024 - ERROR - Error transferring file: C:/Users/matt/Downloads\Dungeons &amp; Dragons 3.5 Edition's torrents\2013 - 04\Pen and Paper RPG - Dungeons & Dragons 3.5 Edition - 2007.19299.torrent - 553 Could not create file.
2024-07-26 00:15:29,055 - ERROR - File transfer failed: C:/Users/matt/Downloads\Dungeons &amp; Dragons 3.5 Edition's torrents\2013 - 04\Pen and Paper RPG - Dungeons & Dragons 3.5 Edition - 2007.19299.torrent
2024-07-26 00:15:29,357 - ERROR - Error transferring file: C:/Users/matt/Downloads\Dungeons &amp; Dragons 3.5 Edition's torrents\2013 - 05\Pen and Paper RPG - Dungeons & Dragons 3.5 Edition - 2003.21061.torrent - 553 Could not create file.
2024-07-26 00:15:29,452 - ERROR - File transfer failed: C:/Users/matt/Downloads\Dungeons &amp; Dragons 3.5 Edition's torrents\2013 - 05\Pen and Paper RPG - Dungeons & Dragons 3.5 Edition - 2003.21061.torrent
2024-07-26 00:15:29,819 - ERROR - Error transferring file: C:/Users/matt/Downloads\Dungeons &amp; Dragons 3.5 Edition's torrents\2013 - 05\Pen and Paper RPG - Dungeons & Dragons 3.5 Edition - 2003.21063.torrent - 553 Could not create file.
2024-07-26 00:15:29,879 - ERROR - File transfer failed: C:/Users/matt/Downloads\Dungeons &amp; Dragons 3.5 Edition's torrents\2013 - 05\Pen and Paper RPG - Dungeons & Dragons 3.5 Edition - 2003.21063.torrent
2024-07-26 00:15:30,278 - ERROR - Error transferring file: C:/Users/matt/Downloads\Dungeons &amp; Dragons 3.5 Edition's torrents\2014 - 06\Pen and Paper RPG - Dungeons & Dragons 3.5 Edition - 2003.31482.torrent - 553 Could not create file.
2024-07-26 00:15:30,355 - ERROR - File transfer failed: C:/Users/matt/Downloads\Dungeons &amp; Dragons 3.5 Edition's torrents\2014 - 06\Pen and Paper RPG - Dungeons & Dragons 3.5 Edition - 2003.31482.torrent
2024-07-26 00:15:30,735 - ERROR - Error transferring file: C:/Users/matt/Downloads\Dungeons &amp; Dragons 3.5 Edition's torrents\2014 - 06\Pen and Paper RPG - Dungeons & Dragons 3.5 Edition - 2003.31678.torrent - 553 Could not create file.
2024-07-26 00:15:30,813 - ERROR - File transfer failed: C:/Users/matt/Downloads\Dungeons &amp; Dragons 3.5 Edition's torrents\2014 - 06\Pen and Paper RPG - Dungeons & Dragons 3.5 Edition - 2003.31678.torrent
2024-07-26 00:15:31,176 - ERROR - Error transferring file: C:/Users/matt/Downloads\Dungeons &amp; Dragons 3.5 Edition's torrents\2016 - 12\Pen and Paper RPG - Dungeons & Dragons 3.5 Edition - 2003.70216.torrent - 553 Could not create file.
2024-07-26 00:15:31,254 - ERROR - File transfer failed: C:/Users/matt/Downloads\Dungeons &amp; Dragons 3.5 Edition's torrents\2016 - 12\Pen and Paper RPG - Dungeons & Dragons 3.5 Edition - 2003.70216.torrent
2024-07-26 00:15:31,604 - ERROR - Error transferring file: C:/Users/matt/Downloads\Dungeons &amp; Dragons 3.5 Edition's torrents\2016 - 12\Pen and Paper RPG - Dungeons & Dragons 3.5 Edition - 2003.70218.torrent - 553 Could not create file.
2024-07-26 00:15:31,666 - ERROR - File transfer failed: C:/Users/matt/Downloads\Dungeons &amp; Dragons 3.5 Edition's torrents\2016 - 12\Pen and Paper RPG - Dungeons & Dragons 3.5 Edition - 2003.70218.torrent
2024-07-26 00:15:32,001 - ERROR - Error transferring file: C:/Users/matt/Downloads\Dungeons &amp; Dragons 3.5 Edition's torrents\2016 - 12\Pen and Paper RPG - Dungeons & Dragons 3.5 Edition - 2003.70220.torrent - 553 Could not create file.
2024-07-26 00:15:32,079 - ERROR - File transfer failed: C:/Users/matt/Downloads\Dungeons &amp; Dragons 3.5 Edition's torrents\2016 - 12\Pen and Paper RPG - Dungeons & Dragons 3.5 Edition - 2003.70220.torrent
2024-07-26 00:15:32,430 - ERROR - Error transferring file: C:/Users/matt/Downloads\Dungeons &amp; Dragons 3.5 Edition's torrents\2016 - 12\Pen and Paper RPG - Dungeons & Dragons 3.5 Edition - 2003.70222.torrent - 553 Could not create file.
2024-07-26 00:15:32,506 - ERROR - File transfer failed: C:/Users/matt/Downloads\Dungeons &amp; Dragons 3.5 Edition's torrents\2016 - 12\Pen and Paper RPG - Dungeons & Dragons 3.5 Edition - 2003.70222.torrent
2024-07-26 00:15:32,889 - ERROR - Error transferring file: C:/Users/matt/Downloads\Dungeons &amp; Dragons 3.5 Edition's torrents\2016 - 12\Pen and Paper RPG - Dungeons & Dragons 3.5 Edition - 2003.70380.torrent - 553 Could not create file.
2024-07-26 00:15:32,964 - ERROR - File transfer failed: C:/Users/matt/Downloads\Dungeons &amp; Dragons 3.5 Edition's torrents\2016 - 12\Pen and Paper RPG - Dungeons & Dragons 3.5 Edition - 2003.70380.torrent
2024-07-26 00:15:33,336 - ERROR - Error transferring file: C:/Users/matt/Downloads\Dungeons &amp; Dragons 3.5 Edition's torrents\2016 - 12\Pen and Paper RPG - Dungeons & Dragons 3.5 Edition - 2007.70223.torrent - 553 Could not create file.
2024-07-26 00:15:33,396 - ERROR - File transfer failed: C:/Users/matt/Downloads\Dungeons &amp; Dragons 3.5 Edition's torrents\2016 - 12\Pen and Paper RPG - Dungeons & Dragons 3.5 Edition - 2007.70223.torrent
2024-07-26 00:15:33,783 - ERROR - Error transferring file: C:/Users/matt/Downloads\Dungeons &amp; Dragons 3.5 Edition's torrents\2016 - 12\Pen and Paper RPG - Dungeons & Dragons 3.5 Edition - 2007.70224.torrent - 553 Could not create file.
2024-07-26 00:15:33,844 - ERROR - File transfer failed: C:/Users/matt/Downloads\Dungeons &amp; Dragons 3.5 Edition's torrents\2016 - 12\Pen and Paper RPG - Dungeons & Dragons 3.5 Edition - 2007.70224.torrent
2024-07-26 00:15:34,176 - ERROR - Error transferring file: C:/Users/matt/Downloads\Dungeons &amp; Dragons 3.5 Edition's torrents\2016 - 12\Pen and Paper RPG - Dungeons & Dragons 3.5 Edition - 2007.70225.torrent - 553 Could not create file.
2024-07-26 00:15:34,236 - ERROR - File transfer failed: C:/Users/matt/Downloads\Dungeons &amp; Dragons 3.5 Edition's torrents\2016 - 12\Pen and Paper RPG - Dungeons & Dragons 3.5 Edition - 2007.70225.torrent
2024-07-26 00:15:34,605 - ERROR - Error transferring file: C:/Users/matt/Downloads\Dungeons &amp; Dragons 3.5 Edition's torrents\2016 - 12\Pen and Paper RPG - Dungeons & Dragons 3.5 Edition - 2007.70226.torrent - 553 Could not create file.
2024-07-26 00:15:34,682 - ERROR - File transfer failed: C:/Users/matt/Downloads\Dungeons &amp; Dragons 3.5 Edition's torrents\2016 - 12\Pen and Paper RPG - Dungeons & Dragons 3.5 Edition - 2007.70226.torrent
2024-07-26 00:15:35,066 - ERROR - Error transferring file: C:/Users/matt/Downloads\Dungeons &amp; Dragons 3.5 Edition's torrents\2016 - 12\Pen and Paper RPG - Dungeons & Dragons 3.5 Edition - 2007.70227.torrent - 553 Could not create file.
2024-07-26 00:15:35,142 - ERROR - File transfer failed: C:/Users/matt/Downloads\Dungeons &amp; Dragons 3.5 Edition's torrents\2016 - 12\Pen and Paper RPG - Dungeons & Dragons 3.5 Edition - 2007.70227.torrent
2024-07-26 00:15:35,494 - ERROR - Error transferring file: C:/Users/matt/Downloads\Dungeons &amp; Dragons 3.5 Edition's torrents\2016 - 12\Pen and Paper RPG - Dungeons & Dragons 3.5 Edition - 2007.70228.torrent - 553 Could not create file.
2024-07-26 00:15:35,540 - ERROR - File transfer failed: C:/Users/matt/Downloads\Dungeons &amp; Dragons 3.5 Edition's torrents\2016 - 12\Pen and Paper RPG - Dungeons & Dragons 3.5 Edition - 2007.70228.torrent
2024-07-26 00:15:35,936 - ERROR - Error transferring file: C:/Users/matt/Downloads\Dungeons &amp; Dragons 3.5 Edition's torrents\2016 - 12\Pen and Paper RPG - Dungeons & Dragons 3.5 Edition - 2007.70371.torrent - 553 Could not create file.
2024-07-26 00:15:36,012 - ERROR - File transfer failed: C:/Users/matt/Downloads\Dungeons &amp; Dragons 3.5 Edition's torrents\2016 - 12\Pen and Paper RPG - Dungeons & Dragons 3.5 Edition - 2007.70371.torrent
2024-07-26 00:15:36,396 - ERROR - Error transferring file: C:/Users/matt/Downloads\Dungeons &amp; Dragons 3.5 Edition's torrents\2016 - 12\Pen and Paper RPG - Dungeons & Dragons 3.5 Edition - 2007.70372.torrent - 553 Could not create file.
2024-07-26 00:15:36,473 - ERROR - File transfer failed: C:/Users/matt/Downloads\Dungeons &amp; Dragons 3.5 Edition's torrents\2016 - 12\Pen and Paper RPG - Dungeons & Dragons 3.5 Edition - 2007.70372.torrent
2024-07-26 00:15:36,874 - ERROR - Error transferring file: C:/Users/matt/Downloads\Dungeons &amp; Dragons 3.5 Edition's torrents\2016 - 12\Pen and Paper RPG - Dungeons & Dragons 3.5 Edition - 2007.70373.torrent - 553 Could not create file.
2024-07-26 00:15:36,949 - ERROR - File transfer failed: C:/Users/matt/Downloads\Dungeons &amp; Dragons 3.5 Edition's torrents\2016 - 12\Pen and Paper RPG - Dungeons & Dragons 3.5 Edition - 2007.70373.torrent
2024-07-26 00:15:37,351 - ERROR - Error transferring file: C:/Users/matt/Downloads\Dungeons &amp; Dragons 3.5 Edition's torrents\2016 - 12\Pen and Paper RPG - Dungeons & Dragons 3.5 Edition - 2007.70375.torrent - 553 Could not create file.
2024-07-26 00:15:37,429 - ERROR - File transfer failed: C:/Users/matt/Downloads\Dungeons &amp; Dragons 3.5 Edition's torrents\2016 - 12\Pen and Paper RPG - Dungeons & Dragons 3.5 Edition - 2007.70375.torrent
2024-07-26 00:15:37,793 - ERROR - Error transferring file: C:/Users/matt/Downloads\Dungeons &amp; Dragons 3.5 Edition's torrents\2016 - 12\Pen and Paper RPG - Dungeons & Dragons 3.5 Edition - 2007.70381.torrent - 553 Could not create file.
2024-07-26 00:15:37,870 - ERROR - File transfer failed: C:/Users/matt/Downloads\Dungeons &amp; Dragons 3.5 Edition's torrents\2016 - 12\Pen and Paper RPG - Dungeons & Dragons 3.5 Edition - 2007.70381.torrent
2024-07-26 00:15:38,236 - ERROR - Error transferring file: C:/Users/matt/Downloads\Dungeons &amp; Dragons 3.5 Edition's torrents\2016 - 12\Pen and Paper RPG - Dungeons & Dragons 3.5 Edition - 2007.70386.torrent - 553 Could not create file.
2024-07-26 00:15:38,298 - ERROR - File transfer failed: C:/Users/matt/Downloads\Dungeons &amp; Dragons 3.5 Edition's torrents\2016 - 12\Pen and Paper RPG - Dungeons & Dragons 3.5 Edition - 2007.70386.torrent
2024-07-26 00:15:38,654 - ERROR - Error transferring file: C:/Users/matt/Downloads\Dungeons &amp; Dragons 3.5 Edition's torrents\2016 - 12\Pen and Paper RPG - Dungeons & Dragons 3.5 Edition - 2007.70387.torrent - 553 Could not create file.
2024-07-26 00:15:38,732 - ERROR - File transfer failed: C:/Users/matt/Downloads\Dungeons &amp; Dragons 3.5 Edition's torrents\2016 - 12\Pen and Paper RPG - Dungeons & Dragons 3.5 Edition - 2007.70387.torrent
2024-07-26 00:15:39,082 - ERROR - Error transferring file: C:/Users/matt/Downloads\Dungeons &amp; Dragons 3.5 Edition's torrents\2016 - 12\Pen and Paper RPG - Dungeons & Dragons 3.5 Edition - 2007.70642.torrent - 553 Could not create file.
2024-07-26 00:15:39,160 - ERROR - File transfer failed: C:/Users/matt/Downloads\Dungeons &amp; Dragons 3.5 Edition's torrents\2016 - 12\Pen and Paper RPG - Dungeons & Dragons 3.5 Edition - 2007.70642.torrent
2024-07-26 00:15:39,496 - ERROR - Error transferring file: C:/Users/matt/Downloads\Dungeons &amp; Dragons 3.5 Edition's torrents\2018 - 10\Pen and Paper RPG - Dungeons & Dragons 3.5 Edition - 2006.164588.torrent - 553 Could not create file.
2024-07-26 00:15:39,556 - ERROR - File transfer failed: C:/Users/matt/Downloads\Dungeons &amp; Dragons 3.5 Edition's torrents\2018 - 10\Pen and Paper RPG - Dungeons & Dragons 3.5 Edition - 2006.164588.torrent
2024-07-26 00:15:39,940 - ERROR - Error transferring file: C:/Users/matt/Downloads\Dungeons &amp; Dragons 3.5 Edition's torrents\2018 - 10\Pen and Paper RPG - Dungeons & Dragons 3.5 Edition - 2006.164589.torrent - 553 Could not create file.
2024-07-26 00:15:40,001 - ERROR - File transfer failed: C:/Users/matt/Downloads\Dungeons &amp; Dragons 3.5 Edition's torrents\2018 - 10\Pen and Paper RPG - Dungeons & Dragons 3.5 Edition - 2006.164589.torrent
2024-07-26 00:17:39,450 - ERROR - Error transferring file: C:/Users/matt/Downloads\Dungeons &amp; Dragons 3.5 Edition's torrents\2013 - 01\Pen and Paper RPG - Dungeons & Dragons 3.5 Edition - 2003.8830.torrent - 553 Could not create file.
2024-07-26 00:17:39,526 - ERROR - File transfer failed: C:/Users/matt/Downloads\Dungeons &amp; Dragons 3.5 Edition's torrents\2013 - 01\Pen and Paper RPG - Dungeons & Dragons 3.5 Edition - 2003.8830.torrent
2024-07-26 00:17:39,877 - ERROR - Error transferring file: C:/Users/matt/Downloads\Dungeons &amp; Dragons 3.5 Edition's torrents\2013 - 04\Pen and Paper RPG - Dungeons & Dragons 3.5 Edition - 2003.19120.torrent - 553 Could not create file.
2024-07-26 00:17:39,954 - ERROR - File transfer failed: C:/Users/matt/Downloads\Dungeons &amp; Dragons 3.5 Edition's torrents\2013 - 04\Pen and Paper RPG - Dungeons & Dragons 3.5 Edition - 2003.19120.torrent
2024-07-26 00:17:40,336 - ERROR - Error transferring file: C:/Users/matt/Downloads\Dungeons &amp; Dragons 3.5 Edition's torrents\2013 - 04\Pen and Paper RPG - Dungeons & Dragons 3.5 Edition - 2003.19121.torrent - 553 Could not create file.
2024-07-26 00:17:40,383 - ERROR - File transfer failed: C:/Users/matt/Downloads\Dungeons &amp; Dragons 3.5 Edition's torrents\2013 - 04\Pen and Paper RPG - Dungeons & Dragons 3.5 Edition - 2003.19121.torrent
2024-07-26 00:17:40,686 - ERROR - Error transferring file: C:/Users/matt/Downloads\Dungeons &amp; Dragons 3.5 Edition's torrents\2013 - 04\Pen and Paper RPG - Dungeons & Dragons 3.5 Edition - 2003.19123.torrent - 553 Could not create file.
2024-07-26 00:17:40,762 - ERROR - File transfer failed: C:/Users/matt/Downloads\Dungeons &amp; Dragons 3.5 Edition's torrents\2013 - 04\Pen and Paper RPG - Dungeons & Dragons 3.5 Edition - 2003.19123.torrent
2024-07-26 00:17:41,142 - ERROR - Error transferring file: C:/Users/matt/Downloads\Dungeons &amp; Dragons 3.5 Edition's torrents\2013 - 04\Pen and Paper RPG - Dungeons & Dragons 3.5 Edition - 2004.19210.torrent - 553 Could not create file.
2024-07-26 00:17:41,217 - ERROR - File transfer failed: C:/Users/matt/Downloads\Dungeons &amp; Dragons 3.5 Edition's torrents\2013 - 04\Pen and Paper RPG - Dungeons & Dragons 3.5 Edition - 2004.19210.torrent
2024-07-26 00:17:41,629 - ERROR - Error transferring file: C:/Users/matt/Downloads\Dungeons &amp; Dragons 3.5 Edition's torrents\2013 - 04\Pen and Paper RPG - Dungeons & Dragons 3.5 Edition - 2005.19209.torrent - 553 Could not create file.
2024-07-26 00:17:41,705 - ERROR - File transfer failed: C:/Users/matt/Downloads\Dungeons &amp; Dragons 3.5 Edition's torrents\2013 - 04\Pen and Paper RPG - Dungeons & Dragons 3.5 Edition - 2005.19209.torrent
2024-07-26 00:17:42,087 - ERROR - Error transferring file: C:/Users/matt/Downloads\Dungeons &amp; Dragons 3.5 Edition's torrents\2013 - 04\Pen and Paper RPG - Dungeons & Dragons 3.5 Edition - 2007.19128.torrent - 553 Could not create file.
2024-07-26 00:17:42,133 - ERROR - File transfer failed: C:/Users/matt/Downloads\Dungeons &amp; Dragons 3.5 Edition's torrents\2013 - 04\Pen and Paper RPG - Dungeons & Dragons 3.5 Edition - 2007.19128.torrent
2024-07-26 00:17:42,504 - ERROR - Error transferring file: C:/Users/matt/Downloads\Dungeons &amp; Dragons 3.5 Edition's torrents\2013 - 04\Pen and Paper RPG - Dungeons & Dragons 3.5 Edition - 2007.19129.torrent - 553 Could not create file.
2024-07-26 00:17:42,567 - ERROR - File transfer failed: C:/Users/matt/Downloads\Dungeons &amp; Dragons 3.5 Edition's torrents\2013 - 04\Pen and Paper RPG - Dungeons & Dragons 3.5 Edition - 2007.19129.torrent
2024-07-26 00:17:42,817 - ERROR - Error transferring file: C:/Users/matt/Downloads\Dungeons &amp; Dragons 3.5 Edition's torrents\2013 - 04\Pen and Paper RPG - Dungeons & Dragons 3.5 Edition - 2007.19131.torrent - 553 Could not create file.
2024-07-26 00:17:42,817 - ERROR - File transfer failed: C:/Users/matt/Downloads\Dungeons &amp; Dragons 3.5 Edition's torrents\2013 - 04\Pen and Paper RPG - Dungeons & Dragons 3.5 Edition - 2007.19131.torrent
2024-07-26 00:18:55,478 - INFO - File transferred successfully: C:/Users/matt/Downloads\Dungeons &amp; Dragons 3.5 Edition's torrents\2013 - 01\Pen and Paper RPG - Dungeons & Dragons 3.5 Edition - 2003.8830.torrent
2024-07-26 00:18:56,026 - INFO - File transferred successfully: C:/Users/matt/Downloads\Dungeons &amp; Dragons 3.5 Edition's torrents\2013 - 04\Pen and Paper RPG - Dungeons & Dragons 3.5 Edition - 2003.19120.torrent
2024-07-26 00:18:56,575 - INFO - File transferred successfully: C:/Users/matt/Downloads\Dungeons &amp; Dragons 3.5 Edition's torrents\2013 - 04\Pen and Paper RPG - Dungeons & Dragons 3.5 Edition - 2003.19121.torrent
2024-07-26 00:18:57,127 - INFO - File transferred successfully: C:/Users/matt/Downloads\Dungeons &amp; Dragons 3.5 Edition's torrents\2013 - 04\Pen and Paper RPG - Dungeons & Dragons 3.5 Edition - 2003.19123.torrent
2024-07-26 00:18:57,693 - INFO - File transferred successfully: C:/Users/matt/Downloads\Dungeons &amp; Dragons 3.5 Edition's torrents\2013 - 04\Pen and Paper RPG - Dungeons & Dragons 3.5 Edition - 2004.19210.torrent
2024-07-26 00:18:58,260 - INFO - File transferred successfully: C:/Users/matt/Downloads\Dungeons &amp; Dragons 3.5 Edition's torrents\2013 - 04\Pen and Paper RPG - Dungeons & Dragons 3.5 Edition - 2005.19209.torrent
2024-07-26 00:18:58,826 - INFO - File transferred successfully: C:/Users/matt/Downloads\Dungeons &amp; Dragons 3.5 Edition's torrents\2013 - 04\Pen and Paper RPG - Dungeons & Dragons 3.5 Edition - 2007.19128.torrent
2024-07-26 00:18:59,394 - INFO - File transferred successfully: C:/Users/matt/Downloads\Dungeons &amp; Dragons 3.5 Edition's torrents\2013 - 04\Pen and Paper RPG - Dungeons & Dragons 3.5 Edition - 2007.19129.torrent
2024-07-26 00:18:59,947 - INFO - File transferred successfully: C:/Users/matt/Downloads\Dungeons &amp; Dragons 3.5 Edition's torrents\2013 - 04\Pen and Paper RPG - Dungeons & Dragons 3.5 Edition - 2007.19131.torrent
2024-07-26 00:19:00,544 - INFO - File transferred successfully: C:/Users/matt/Downloads\Dungeons &amp; Dragons 3.5 Edition's torrents\2013 - 04\Pen and Paper RPG - Dungeons & Dragons 3.5 Edition - 2007.19133.torrent
2024-07-26 00:19:01,108 - INFO - File transferred successfully: C:/Users/matt/Downloads\Dungeons &amp; Dragons 3.5 Edition's torrents\2013 - 04\Pen and Paper RPG - Dungeons & Dragons 3.5 Edition - 2007.19134.torrent
2024-07-26 00:19:01,625 - INFO - File transferred successfully: C:/Users/matt/Downloads\Dungeons &amp; Dragons 3.5 Edition's torrents\2013 - 04\Pen and Paper RPG - Dungeons & Dragons 3.5 Edition - 2007.19135.torrent
2024-07-26 00:19:02,177 - INFO - File transferred successfully: C:/Users/matt/Downloads\Dungeons &amp; Dragons 3.5 Edition's torrents\2013 - 04\Pen and Paper RPG - Dungeons & Dragons 3.5 Edition - 2007.19136.torrent
2024-07-26 00:19:02,712 - INFO - File transferred successfully: C:/Users/matt/Downloads\Dungeons &amp; Dragons 3.5 Edition's torrents\2013 - 04\Pen and Paper RPG - Dungeons & Dragons 3.5 Edition - 2007.19138.torrent
2024-07-26 00:19:03,253 - INFO - File transferred successfully: C:/Users/matt/Downloads\Dungeons &amp; Dragons 3.5 Edition's torrents\2013 - 04\Pen and Paper RPG - Dungeons & Dragons 3.5 Edition - 2007.19139.torrent
2024-07-26 00:19:03,831 - INFO - File transferred successfully: C:/Users/matt/Downloads\Dungeons &amp; Dragons 3.5 Edition's torrents\2013 - 04\Pen and Paper RPG - Dungeons & Dragons 3.5 Edition - 2007.19141.torrent
2024-07-26 00:19:04,384 - INFO - File transferred successfully: C:/Users/matt/Downloads\Dungeons &amp; Dragons 3.5 Edition's torrents\2013 - 04\Pen and Paper RPG - Dungeons & Dragons 3.5 Edition - 2007.19142.torrent
2024-07-26 00:19:04,967 - INFO - File transferred successfully: C:/Users/matt/Downloads\Dungeons &amp; Dragons 3.5 Edition's torrents\2013 - 04\Pen and Paper RPG - Dungeons & Dragons 3.5 Edition - 2007.19143.torrent
2024-07-26 00:19:05,519 - INFO - File transferred successfully: C:/Users/matt/Downloads\Dungeons &amp; Dragons 3.5 Edition's torrents\2013 - 04\Pen and Paper RPG - Dungeons & Dragons 3.5 Edition - 2007.19144.torrent
2024-07-26 00:19:06,008 - INFO - File transferred successfully: C:/Users/matt/Downloads\Dungeons &amp; Dragons 3.5 Edition's torrents\2013 - 04\Pen and Paper RPG - Dungeons & Dragons 3.5 Edition - 2007.19145.torrent
2024-07-26 00:19:06,561 - INFO - File transferred successfully: C:/Users/matt/Downloads\Dungeons &amp; Dragons 3.5 Edition's torrents\2013 - 04\Pen and Paper RPG - Dungeons & Dragons 3.5 Edition - 2007.19186.torrent
2024-07-26 00:19:07,158 - INFO - File transferred successfully: C:/Users/matt/Downloads\Dungeons &amp; Dragons 3.5 Edition's torrents\2013 - 04\Pen and Paper RPG - Dungeons & Dragons 3.5 Edition - 2007.19187.torrent
2024-07-26 00:19:07,741 - INFO - File transferred successfully: C:/Users/matt/Downloads\Dungeons &amp; Dragons 3.5 Edition's torrents\2013 - 04\Pen and Paper RPG - Dungeons & Dragons 3.5 Edition - 2007.19188.torrent
2024-07-26 00:19:08,279 - INFO - File transferred successfully: C:/Users/matt/Downloads\Dungeons &amp; Dragons 3.5 Edition's torrents\2013 - 04\Pen and Paper RPG - Dungeons & Dragons 3.5 Edition - 2007.19190.torrent
2024-07-26 00:19:08,874 - INFO - File transferred successfully: C:/Users/matt/Downloads\Dungeons &amp; Dragons 3.5 Edition's torrents\2013 - 04\Pen and Paper RPG - Dungeons & Dragons 3.5 Edition - 2007.19198.torrent
2024-07-26 00:19:09,410 - INFO - File transferred successfully: C:/Users/matt/Downloads\Dungeons &amp; Dragons 3.5 Edition's torrents\2013 - 04\Pen and Paper RPG - Dungeons & Dragons 3.5 Edition - 2007.19199.torrent
2024-07-26 00:19:10,037 - INFO - File transferred successfully: C:/Users/matt/Downloads\Dungeons &amp; Dragons 3.5 Edition's torrents\2013 - 04\Pen and Paper RPG - Dungeons & Dragons 3.5 Edition - 2007.19204.torrent
2024-07-26 00:19:10,633 - INFO - File transferred successfully: C:/Users/matt/Downloads\Dungeons &amp; Dragons 3.5 Edition's torrents\2013 - 04\Pen and Paper RPG - Dungeons & Dragons 3.5 Edition - 2007.19207.torrent
2024-07-26 00:19:11,214 - INFO - File transferred successfully: C:/Users/matt/Downloads\Dungeons &amp; Dragons 3.5 Edition's torrents\2013 - 04\Pen and Paper RPG - Dungeons & Dragons 3.5 Edition - 2007.19208.torrent
2024-07-26 00:19:11,760 - INFO - File transferred successfully: C:/Users/matt/Downloads\Dungeons &amp; Dragons 3.5 Edition's torrents\2013 - 04\Pen and Paper RPG - Dungeons & Dragons 3.5 Edition - 2007.19211.torrent
2024-07-26 00:19:12,323 - INFO - File transferred successfully: C:/Users/matt/Downloads\Dungeons &amp; Dragons 3.5 Edition's torrents\2013 - 04\Pen and Paper RPG - Dungeons & Dragons 3.5 Edition - 2007.19233.torrent
2024-07-26 00:19:12,893 - INFO - File transferred successfully: C:/Users/matt/Downloads\Dungeons &amp; Dragons 3.5 Edition's torrents\2013 - 04\Pen and Paper RPG - Dungeons & Dragons 3.5 Edition - 2007.19234.torrent
2024-07-26 00:19:13,413 - INFO - File transferred successfully: C:/Users/matt/Downloads\Dungeons &amp; Dragons 3.5 Edition's torrents\2013 - 04\Pen and Paper RPG - Dungeons & Dragons 3.5 Edition - 2007.19238.torrent
2024-07-26 00:19:13,951 - INFO - File transferred successfully: C:/Users/matt/Downloads\Dungeons &amp; Dragons 3.5 Edition's torrents\2013 - 04\Pen and Paper RPG - Dungeons & Dragons 3.5 Edition - 2007.19241.torrent
2024-07-26 00:19:14,478 - INFO - File transferred successfully: C:/Users/matt/Downloads\Dungeons &amp; Dragons 3.5 Edition's torrents\2013 - 04\Pen and Paper RPG - Dungeons & Dragons 3.5 Edition - 2007.19242.torrent
2024-07-26 00:19:15,044 - INFO - File transferred successfully: C:/Users/matt/Downloads\Dungeons &amp; Dragons 3.5 Edition's torrents\2013 - 04\Pen and Paper RPG - Dungeons & Dragons 3.5 Edition - 2007.19244.torrent
2024-07-26 00:19:15,686 - INFO - File transferred successfully: C:/Users/matt/Downloads\Dungeons &amp; Dragons 3.5 Edition's torrents\2013 - 04\Pen and Paper RPG - Dungeons & Dragons 3.5 Edition - 2007.19246.torrent
2024-07-26 00:19:16,297 - INFO - File transferred successfully: C:/Users/matt/Downloads\Dungeons &amp; Dragons 3.5 Edition's torrents\2013 - 04\Pen and Paper RPG - Dungeons & Dragons 3.5 Edition - 2007.19253.torrent
2024-07-26 00:19:16,844 - INFO - File transferred successfully: C:/Users/matt/Downloads\Dungeons &amp; Dragons 3.5 Edition's torrents\2013 - 04\Pen and Paper RPG - Dungeons & Dragons 3.5 Edition - 2007.19256.torrent
2024-07-26 00:19:17,451 - INFO - File transferred successfully: C:/Users/matt/Downloads\Dungeons &amp; Dragons 3.5 Edition's torrents\2013 - 04\Pen and Paper RPG - Dungeons & Dragons 3.5 Edition - 2007.19269.torrent
2024-07-26 00:19:18,017 - INFO - File transferred successfully: C:/Users/matt/Downloads\Dungeons &amp; Dragons 3.5 Edition's torrents\2013 - 04\Pen and Paper RPG - Dungeons & Dragons 3.5 Edition - 2007.19270.torrent
2024-07-26 00:19:18,616 - INFO - File transferred successfully: C:/Users/matt/Downloads\Dungeons &amp; Dragons 3.5 Edition's torrents\2013 - 04\Pen and Paper RPG - Dungeons & Dragons 3.5 Edition - 2007.19271.torrent
2024-07-26 00:19:19,197 - INFO - File transferred successfully: C:/Users/matt/Downloads\Dungeons &amp; Dragons 3.5 Edition's torrents\2013 - 04\Pen and Paper RPG - Dungeons & Dragons 3.5 Edition - 2007.19272.torrent
2024-07-26 00:19:19,798 - INFO - File transferred successfully: C:/Users/matt/Downloads\Dungeons &amp; Dragons 3.5 Edition's torrents\2013 - 04\Pen and Paper RPG - Dungeons & Dragons 3.5 Edition - 2007.19273.torrent
2024-07-26 00:19:20,436 - INFO - File transferred successfully: C:/Users/matt/Downloads\Dungeons &amp; Dragons 3.5 Edition's torrents\2013 - 04\Pen and Paper RPG - Dungeons & Dragons 3.5 Edition - 2007.19277.torrent
2024-07-26 00:19:20,990 - INFO - File transferred successfully: C:/Users/matt/Downloads\Dungeons &amp; Dragons 3.5 Edition's torrents\2013 - 04\Pen and Paper RPG - Dungeons & Dragons 3.5 Edition - 2007.19299.torrent
2024-07-26 00:19:21,604 - INFO - File transferred successfully: C:/Users/matt/Downloads\Dungeons &amp; Dragons 3.5 Edition's torrents\2013 - 05\Pen and Paper RPG - Dungeons & Dragons 3.5 Edition - 2003.21061.torrent
2024-07-26 00:19:22,215 - INFO - File transferred successfully: C:/Users/matt/Downloads\Dungeons &amp; Dragons 3.5 Edition's torrents\2013 - 05\Pen and Paper RPG - Dungeons & Dragons 3.5 Edition - 2003.21063.torrent
2024-07-26 00:19:22,829 - INFO - File transferred successfully: C:/Users/matt/Downloads\Dungeons &amp; Dragons 3.5 Edition's torrents\2014 - 06\Pen and Paper RPG - Dungeons & Dragons 3.5 Edition - 2003.31482.torrent
2024-07-26 00:19:23,419 - INFO - File transferred successfully: C:/Users/matt/Downloads\Dungeons &amp; Dragons 3.5 Edition's torrents\2014 - 06\Pen and Paper RPG - Dungeons & Dragons 3.5 Edition - 2003.31678.torrent
2024-07-26 00:19:23,991 - INFO - File transferred successfully: C:/Users/matt/Downloads\Dungeons &amp; Dragons 3.5 Edition's torrents\2016 - 12\Pen and Paper RPG - Dungeons & Dragons 3.5 Edition - 2003.70216.torrent
2024-07-26 00:19:24,557 - INFO - File transferred successfully: C:/Users/matt/Downloads\Dungeons &amp; Dragons 3.5 Edition's torrents\2016 - 12\Pen and Paper RPG - Dungeons & Dragons 3.5 Edition - 2003.70218.torrent
2024-07-26 00:19:25,137 - INFO - File transferred successfully: C:/Users/matt/Downloads\Dungeons &amp; Dragons 3.5 Edition's torrents\2016 - 12\Pen and Paper RPG - Dungeons & Dragons 3.5 Edition - 2003.70220.torrent
2024-07-26 00:19:25,658 - INFO - File transferred successfully: C:/Users/matt/Downloads\Dungeons &amp; Dragons 3.5 Edition's torrents\2016 - 12\Pen and Paper RPG - Dungeons & Dragons 3.5 Edition - 2003.70222.torrent
2024-07-26 00:19:26,179 - INFO - File transferred successfully: C:/Users/matt/Downloads\Dungeons &amp; Dragons 3.5 Edition's torrents\2016 - 12\Pen and Paper RPG - Dungeons & Dragons 3.5 Edition - 2003.70380.torrent
2024-07-26 00:19:26,733 - INFO - File transferred successfully: C:/Users/matt/Downloads\Dungeons &amp; Dragons 3.5 Edition's torrents\2016 - 12\Pen and Paper RPG - Dungeons & Dragons 3.5 Edition - 2007.70223.torrent
2024-07-26 00:19:27,308 - INFO - File transferred successfully: C:/Users/matt/Downloads\Dungeons &amp; Dragons 3.5 Edition's torrents\2016 - 12\Pen and Paper RPG - Dungeons & Dragons 3.5 Edition - 2007.70224.torrent
2024-07-26 00:19:27,878 - INFO - File transferred successfully: C:/Users/matt/Downloads\Dungeons &amp; Dragons 3.5 Edition's torrents\2016 - 12\Pen and Paper RPG - Dungeons & Dragons 3.5 Edition - 2007.70225.torrent
2024-07-26 00:19:28,457 - INFO - File transferred successfully: C:/Users/matt/Downloads\Dungeons &amp; Dragons 3.5 Edition's torrents\2016 - 12\Pen and Paper RPG - Dungeons & Dragons 3.5 Edition - 2007.70226.torrent
2024-07-26 00:19:28,966 - INFO - File transferred successfully: C:/Users/matt/Downloads\Dungeons &amp; Dragons 3.5 Edition's torrents\2016 - 12\Pen and Paper RPG - Dungeons & Dragons 3.5 Edition - 2007.70227.torrent
2024-07-26 00:19:29,457 - INFO - File transferred successfully: C:/Users/matt/Downloads\Dungeons &amp; Dragons 3.5 Edition's torrents\2016 - 12\Pen and Paper RPG - Dungeons & Dragons 3.5 Edition - 2007.70228.torrent
2024-07-26 00:19:29,977 - INFO - File transferred successfully: C:/Users/matt/Downloads\Dungeons &amp; Dragons 3.5 Edition's torrents\2016 - 12\Pen and Paper RPG - Dungeons & Dragons 3.5 Edition - 2007.70371.torrent
2024-07-26 00:19:30,523 - INFO - File transferred successfully: C:/Users/matt/Downloads\Dungeons &amp; Dragons 3.5 Edition's torrents\2016 - 12\Pen and Paper RPG - Dungeons & Dragons 3.5 Edition - 2007.70372.torrent
2024-07-26 00:19:31,081 - INFO - File transferred successfully: C:/Users/matt/Downloads\Dungeons &amp; Dragons 3.5 Edition's torrents\2016 - 12\Pen and Paper RPG - Dungeons & Dragons 3.5 Edition - 2007.70373.torrent
2024-07-26 00:19:31,616 - INFO - File transferred successfully: C:/Users/matt/Downloads\Dungeons &amp; Dragons 3.5 Edition's torrents\2016 - 12\Pen and Paper RPG - Dungeons & Dragons 3.5 Edition - 2007.70375.torrent
2024-07-26 00:19:32,181 - INFO - File transferred successfully: C:/Users/matt/Downloads\Dungeons &amp; Dragons 3.5 Edition's torrents\2016 - 12\Pen and Paper RPG - Dungeons & Dragons 3.5 Edition - 2007.70381.torrent
2024-07-26 00:19:32,690 - INFO - File transferred successfully: C:/Users/matt/Downloads\Dungeons &amp; Dragons 3.5 Edition's torrents\2016 - 12\Pen and Paper RPG - Dungeons & Dragons 3.5 Edition - 2007.70386.torrent
2024-07-26 00:19:33,258 - INFO - File transferred successfully: C:/Users/matt/Downloads\Dungeons &amp; Dragons 3.5 Edition's torrents\2016 - 12\Pen and Paper RPG - Dungeons & Dragons 3.5 Edition - 2007.70387.torrent
2024-07-26 00:19:33,792 - INFO - File transferred successfully: C:/Users/matt/Downloads\Dungeons &amp; Dragons 3.5 Edition's torrents\2016 - 12\Pen and Paper RPG - Dungeons & Dragons 3.5 Edition - 2007.70642.torrent
2024-07-26 00:19:34,340 - INFO - File transferred successfully: C:/Users/matt/Downloads\Dungeons &amp; Dragons 3.5 Edition's torrents\2018 - 10\Pen and Paper RPG - Dungeons & Dragons 3.5 Edition - 2006.164588.torrent
2024-07-26 00:19:34,913 - INFO - File transferred successfully: C:/Users/matt/Downloads\Dungeons &amp; Dragons 3.5 Edition's torrents\2018 - 10\Pen and Paper RPG - Dungeons & Dragons 3.5 Edition - 2006.164589.torrent
2024-07-26 00:19:35,463 - INFO - File transferred successfully: C:/Users/matt/Downloads\Dungeons &amp; Dragons 3.5 Edition's torrents\2018 - 11\Pen and Paper RPG - Dungeons & Dragons 3.5 Edition - 2007.169140.torrent
2024-07-26 00:19:35,969 - INFO - File transferred successfully: C:/Users/matt/Downloads\Dungeons &amp; Dragons 3.5 Edition's torrents\2018 - 11\Pen and Paper RPG - Dungeons & Dragons 3.5 Edition - 2007.169324.torrent
2024-07-26 00:19:36,473 - INFO - File transferred successfully: C:/Users/matt/Downloads\Dungeons &amp; Dragons 3.5 Edition's torrents\2019 - 05\Pen and Paper RPG - Dungeons & Dragons 3.5 Edition - 2003.197084.torrent
2024-07-26 00:19:37,084 - INFO - File transferred successfully: C:/Users/matt/Downloads\Dungeons &amp; Dragons 3.5 Edition's torrents\2019 - 05\Pen and Paper RPG - Dungeons & Dragons 3.5 Edition - 2003.197121.torrent
2024-07-26 00:19:37,633 - INFO - File transferred successfully: C:/Users/matt/Downloads\Dungeons &amp; Dragons 3.5 Edition's torrents\2019 - 05\Pen and Paper RPG - Dungeons & Dragons 3.5 Edition - 2004.197115.torrent
2024-07-26 00:19:38,167 - INFO - File transferred successfully: C:/Users/matt/Downloads\Dungeons &amp; Dragons 3.5 Edition's torrents\2019 - 05\Pen and Paper RPG - Dungeons & Dragons 3.5 Edition - 2004.197116.torrent
2024-07-26 00:19:38,687 - INFO - File transferred successfully: C:/Users/matt/Downloads\Dungeons &amp; Dragons 3.5 Edition's torrents\2019 - 05\Pen and Paper RPG - Dungeons & Dragons 3.5 Edition - 2005.197106.torrent
2024-07-26 00:19:39,267 - INFO - File transferred successfully: C:/Users/matt/Downloads\Dungeons &amp; Dragons 3.5 Edition's torrents\2019 - 05\Pen and Paper RPG - Dungeons & Dragons 3.5 Edition - 2005.197114.torrent
2024-07-26 00:19:39,845 - INFO - File transferred successfully: C:/Users/matt/Downloads\Dungeons &amp; Dragons 3.5 Edition's torrents\2019 - 05\Pen and Paper RPG - Dungeons & Dragons 3.5 Edition - 2005.197125.torrent
2024-07-26 00:19:40,442 - INFO - File transferred successfully: C:/Users/matt/Downloads\Dungeons &amp; Dragons 3.5 Edition's torrents\2019 - 05\Pen and Paper RPG - Dungeons & Dragons 3.5 Edition - 2005.197126.torrent
2024-07-26 00:19:40,979 - INFO - File transferred successfully: C:/Users/matt/Downloads\Dungeons &amp; Dragons 3.5 Edition's torrents\2019 - 05\Pen and Paper RPG - Dungeons & Dragons 3.5 Edition - 2005.197129.torrent
2024-07-26 00:19:41,515 - INFO - File transferred successfully: C:/Users/matt/Downloads\Dungeons &amp; Dragons 3.5 Edition's torrents\2019 - 05\Pen and Paper RPG - Dungeons & Dragons 3.5 Edition - 2005.197130.torrent
2024-07-26 00:19:42,062 - INFO - File transferred successfully: C:/Users/matt/Downloads\Dungeons &amp; Dragons 3.5 Edition's torrents\2019 - 05\Pen and Paper RPG - Dungeons & Dragons 3.5 Edition - 2006.196725.torrent
2024-07-26 00:19:42,552 - INFO - File transferred successfully: C:/Users/matt/Downloads\Dungeons &amp; Dragons 3.5 Edition's torrents\2019 - 05\Pen and Paper RPG - Dungeons & Dragons 3.5 Edition - 2006.196727.torrent
2024-07-26 00:19:43,038 - INFO - File transferred successfully: C:/Users/matt/Downloads\Dungeons &amp; Dragons 3.5 Edition's torrents\2019 - 05\Pen and Paper RPG - Dungeons & Dragons 3.5 Edition - 2006.196728.torrent
2024-07-26 00:19:43,559 - INFO - File transferred successfully: C:/Users/matt/Downloads\Dungeons &amp; Dragons 3.5 Edition's torrents\2019 - 05\Pen and Paper RPG - Dungeons & Dragons 3.5 Edition - 2006.196729.torrent
2024-07-26 00:19:44,108 - INFO - File transferred successfully: C:/Users/matt/Downloads\Dungeons &amp; Dragons 3.5 Edition's torrents\2019 - 05\Pen and Paper RPG - Dungeons & Dragons 3.5 Edition - 2006.196730.torrent
2024-07-26 00:19:44,625 - INFO - File transferred successfully: C:/Users/matt/Downloads\Dungeons &amp; Dragons 3.5 Edition's torrents\2019 - 05\Pen and Paper RPG - Dungeons & Dragons 3.5 Edition - 2006.196731.torrent
2024-07-26 00:19:45,159 - INFO - File transferred successfully: C:/Users/matt/Downloads\Dungeons &amp; Dragons 3.5 Edition's torrents\2019 - 05\Pen and Paper RPG - Dungeons & Dragons 3.5 Edition - 2006.196732.torrent
2024-07-26 00:19:45,662 - INFO - File transferred successfully: C:/Users/matt/Downloads\Dungeons &amp; Dragons 3.5 Edition's torrents\2019 - 05\Pen and Paper RPG - Dungeons & Dragons 3.5 Edition - 2006.196733.torrent
2024-07-26 00:19:46,223 - INFO - File transferred successfully: C:/Users/matt/Downloads\Dungeons &amp; Dragons 3.5 Edition's torrents\2019 - 05\Pen and Paper RPG - Dungeons & Dragons 3.5 Edition - 2006.196734.torrent
2024-07-26 00:19:46,774 - INFO - File transferred successfully: C:/Users/matt/Downloads\Dungeons &amp; Dragons 3.5 Edition's torrents\2019 - 05\Pen and Paper RPG - Dungeons & Dragons 3.5 Edition - 2006.196735.torrent
2024-07-26 00:19:47,282 - INFO - File transferred successfully: C:/Users/matt/Downloads\Dungeons &amp; Dragons 3.5 Edition's torrents\2019 - 05\Pen and Paper RPG - Dungeons & Dragons 3.5 Edition - 2006.196736.torrent
2024-07-26 00:19:47,835 - INFO - File transferred successfully: C:/Users/matt/Downloads\Dungeons &amp; Dragons 3.5 Edition's torrents\2019 - 05\Pen and Paper RPG - Dungeons & Dragons 3.5 Edition - 2006.196737.torrent
2024-07-26 00:19:48,383 - INFO - File transferred successfully: C:/Users/matt/Downloads\Dungeons &amp; Dragons 3.5 Edition's torrents\2019 - 05\Pen and Paper RPG - Dungeons & Dragons 3.5 Edition - 2006.196738.torrent
2024-07-26 00:19:48,903 - INFO - File transferred successfully: C:/Users/matt/Downloads\Dungeons &amp; Dragons 3.5 Edition's torrents\2019 - 05\Pen and Paper RPG - Dungeons & Dragons 3.5 Edition - 2006.196739.torrent
2024-07-26 00:19:49,439 - INFO - File transferred successfully: C:/Users/matt/Downloads\Dungeons &amp; Dragons 3.5 Edition's torrents\2019 - 05\Pen and Paper RPG - Dungeons & Dragons 3.5 Edition - 2006.196740.torrent
2024-07-26 00:19:49,928 - INFO - File transferred successfully: C:/Users/matt/Downloads\Dungeons &amp; Dragons 3.5 Edition's torrents\2019 - 05\Pen and Paper RPG - Dungeons & Dragons 3.5 Edition - 2006.196741.torrent
2024-07-26 00:19:50,448 - INFO - File transferred successfully: C:/Users/matt/Downloads\Dungeons &amp; Dragons 3.5 Edition's torrents\2019 - 05\Pen and Paper RPG - Dungeons & Dragons 3.5 Edition - 2006.196742.torrent
2024-07-26 00:19:50,986 - INFO - File transferred successfully: C:/Users/matt/Downloads\Dungeons &amp; Dragons 3.5 Edition's torrents\2019 - 05\Pen and Paper RPG - Dungeons & Dragons 3.5 Edition - 2006.196743.torrent
2024-07-26 00:19:51,473 - INFO - File transferred successfully: C:/Users/matt/Downloads\Dungeons &amp; Dragons 3.5 Edition's torrents\2019 - 05\Pen and Paper RPG - Dungeons & Dragons 3.5 Edition - 2006.196745.torrent
2024-07-26 00:19:51,983 - INFO - File transferred successfully: C:/Users/matt/Downloads\Dungeons &amp; Dragons 3.5 Edition's torrents\2019 - 05\Pen and Paper RPG - Dungeons & Dragons 3.5 Edition - 2006.196747.torrent
2024-07-26 00:19:52,504 - INFO - File transferred successfully: C:/Users/matt/Downloads\Dungeons &amp; Dragons 3.5 Edition's torrents\2019 - 05\Pen and Paper RPG - Dungeons & Dragons 3.5 Edition - 2006.196748.torrent
2024-07-26 00:19:53,051 - INFO - File transferred successfully: C:/Users/matt/Downloads\Dungeons &amp; Dragons 3.5 Edition's torrents\2019 - 05\Pen and Paper RPG - Dungeons & Dragons 3.5 Edition - 2006.196749.torrent
2024-07-26 00:19:53,569 - INFO - File transferred successfully: C:/Users/matt/Downloads\Dungeons &amp; Dragons 3.5 Edition's torrents\2019 - 05\Pen and Paper RPG - Dungeons & Dragons 3.5 Edition - 2006.196750.torrent
2024-07-26 00:19:54,125 - INFO - File transferred successfully: C:/Users/matt/Downloads\Dungeons &amp; Dragons 3.5 Edition's torrents\2019 - 05\Pen and Paper RPG - Dungeons & Dragons 3.5 Edition - 2006.196773.torrent
2024-07-26 00:19:54,641 - INFO - File transferred successfully: C:/Users/matt/Downloads\Dungeons &amp; Dragons 3.5 Edition's torrents\2019 - 05\Pen and Paper RPG - Dungeons & Dragons 3.5 Edition - 2006.196774.torrent
2024-07-26 00:19:55,143 - INFO - File transferred successfully: C:/Users/matt/Downloads\Dungeons &amp; Dragons 3.5 Edition's torrents\2019 - 05\Pen and Paper RPG - Dungeons & Dragons 3.5 Edition - 2006.196786.torrent
2024-07-26 00:19:55,675 - INFO - File transferred successfully: C:/Users/matt/Downloads\Dungeons &amp; Dragons 3.5 Edition's torrents\2019 - 05\Pen and Paper RPG - Dungeons & Dragons 3.5 Edition - 2006.196800.torrent
2024-07-26 00:19:56,210 - INFO - File transferred successfully: C:/Users/matt/Downloads\Dungeons &amp; Dragons 3.5 Edition's torrents\2019 - 05\Pen and Paper RPG - Dungeons & Dragons 3.5 Edition - 2006.196813.torrent
2024-07-26 00:19:56,766 - INFO - File transferred successfully: C:/Users/matt/Downloads\Dungeons &amp; Dragons 3.5 Edition's torrents\2019 - 05\Pen and Paper RPG - Dungeons & Dragons 3.5 Edition - 2006.196826.torrent
2024-07-26 00:19:57,287 - INFO - File transferred successfully: C:/Users/matt/Downloads\Dungeons &amp; Dragons 3.5 Edition's torrents\2019 - 05\Pen and Paper RPG - Dungeons & Dragons 3.5 Edition - 2006.196827.torrent
2024-07-26 00:19:57,853 - INFO - File transferred successfully: C:/Users/matt/Downloads\Dungeons &amp; Dragons 3.5 Edition's torrents\2019 - 05\Pen and Paper RPG - Dungeons & Dragons 3.5 Edition - 2006.196828.torrent
2024-07-26 00:19:58,371 - INFO - File transferred successfully: C:/Users/matt/Downloads\Dungeons &amp; Dragons 3.5 Edition's torrents\2019 - 05\Pen and Paper RPG - Dungeons & Dragons 3.5 Edition - 2006.196844.torrent
2024-07-26 00:19:58,892 - INFO - File transferred successfully: C:/Users/matt/Downloads\Dungeons &amp; Dragons 3.5 Edition's torrents\2019 - 05\Pen and Paper RPG - Dungeons & Dragons 3.5 Edition - 2006.196845.torrent
2024-07-26 00:19:59,429 - INFO - File transferred successfully: C:/Users/matt/Downloads\Dungeons &amp; Dragons 3.5 Edition's torrents\2019 - 05\Pen and Paper RPG - Dungeons & Dragons 3.5 Edition - 2006.196846.torrent
2024-07-26 00:19:59,950 - INFO - File transferred successfully: C:/Users/matt/Downloads\Dungeons &amp; Dragons 3.5 Edition's torrents\2019 - 05\Pen and Paper RPG - Dungeons & Dragons 3.5 Edition - 2006.196858.torrent
2024-07-26 00:20:00,475 - INFO - File transferred successfully: C:/Users/matt/Downloads\Dungeons &amp; Dragons 3.5 Edition's torrents\2019 - 05\Pen and Paper RPG - Dungeons & Dragons 3.5 Edition - 2006.196867.torrent
2024-07-26 00:20:00,964 - INFO - File transferred successfully: C:/Users/matt/Downloads\Dungeons &amp; Dragons 3.5 Edition's torrents\2019 - 05\Pen and Paper RPG - Dungeons & Dragons 3.5 Edition - 2006.196868.torrent
2024-07-26 00:20:01,527 - INFO - File transferred successfully: C:/Users/matt/Downloads\Dungeons &amp; Dragons 3.5 Edition's torrents\2019 - 05\Pen and Paper RPG - Dungeons & Dragons 3.5 Edition - 2006.196870.torrent
2024-07-26 00:20:02,044 - INFO - File transferred successfully: C:/Users/matt/Downloads\Dungeons &amp; Dragons 3.5 Edition's torrents\2019 - 05\Pen and Paper RPG - Dungeons & Dragons 3.5 Edition - 2006.196874.torrent
2024-07-26 00:20:02,546 - INFO - File transferred successfully: C:/Users/matt/Downloads\Dungeons &amp; Dragons 3.5 Edition's torrents\2019 - 05\Pen and Paper RPG - Dungeons & Dragons 3.5 Edition - 2006.196875.torrent
2024-07-26 00:20:03,063 - INFO - File transferred successfully: C:/Users/matt/Downloads\Dungeons &amp; Dragons 3.5 Edition's torrents\2019 - 05\Pen and Paper RPG - Dungeons & Dragons 3.5 Edition - 2006.196879.torrent
2024-07-26 00:20:03,570 - INFO - File transferred successfully: C:/Users/matt/Downloads\Dungeons &amp; Dragons 3.5 Edition's torrents\2019 - 05\Pen and Paper RPG - Dungeons & Dragons 3.5 Edition - 2006.196880.torrent
2024-07-26 00:20:04,092 - INFO - File transferred successfully: C:/Users/matt/Downloads\Dungeons &amp; Dragons 3.5 Edition's torrents\2019 - 05\Pen and Paper RPG - Dungeons & Dragons 3.5 Edition - 2006.196901.torrent
2024-07-26 00:20:04,610 - INFO - File transferred successfully: C:/Users/matt/Downloads\Dungeons &amp; Dragons 3.5 Edition's torrents\2019 - 05\Pen and Paper RPG - Dungeons & Dragons 3.5 Edition - 2006.196968.torrent
2024-07-26 00:20:05,132 - INFO - File transferred successfully: C:/Users/matt/Downloads\Dungeons &amp; Dragons 3.5 Edition's torrents\2019 - 05\Pen and Paper RPG - Dungeons & Dragons 3.5 Edition - 2006.196969.torrent
2024-07-26 00:20:05,664 - INFO - File transferred successfully: C:/Users/matt/Downloads\Dungeons &amp; Dragons 3.5 Edition's torrents\2019 - 05\Pen and Paper RPG - Dungeons & Dragons 3.5 Edition - 2006.196970.torrent
2024-07-26 00:20:06,156 - INFO - File transferred successfully: C:/Users/matt/Downloads\Dungeons &amp; Dragons 3.5 Edition's torrents\2019 - 05\Pen and Paper RPG - Dungeons & Dragons 3.5 Edition - 2006.196972.torrent
2024-07-26 00:20:06,727 - INFO - File transferred successfully: C:/Users/matt/Downloads\Dungeons &amp; Dragons 3.5 Edition's torrents\2019 - 05\Pen and Paper RPG - Dungeons & Dragons 3.5 Edition - 2006.196978.torrent
2024-07-26 00:20:07,259 - INFO - File transferred successfully: C:/Users/matt/Downloads\Dungeons &amp; Dragons 3.5 Edition's torrents\2019 - 05\Pen and Paper RPG - Dungeons & Dragons 3.5 Edition - 2006.196981.torrent
2024-07-26 00:20:07,844 - INFO - File transferred successfully: C:/Users/matt/Downloads\Dungeons &amp; Dragons 3.5 Edition's torrents\2019 - 05\Pen and Paper RPG - Dungeons & Dragons 3.5 Edition - 2006.196994.torrent
2024-07-26 00:20:08,399 - INFO - File transferred successfully: C:/Users/matt/Downloads\Dungeons &amp; Dragons 3.5 Edition's torrents\2019 - 05\Pen and Paper RPG - Dungeons & Dragons 3.5 Edition - 2006.196999.torrent
2024-07-26 00:20:08,939 - INFO - File transferred successfully: C:/Users/matt/Downloads\Dungeons &amp; Dragons 3.5 Edition's torrents\2019 - 05\Pen and Paper RPG - Dungeons & Dragons 3.5 Edition - 2006.197006.torrent
2024-07-26 00:20:09,473 - INFO - File transferred successfully: C:/Users/matt/Downloads\Dungeons &amp; Dragons 3.5 Edition's torrents\2019 - 05\Pen and Paper RPG - Dungeons & Dragons 3.5 Edition - 2006.197008.torrent
2024-07-26 00:20:10,008 - INFO - File transferred successfully: C:/Users/matt/Downloads\Dungeons &amp; Dragons 3.5 Edition's torrents\2019 - 05\Pen and Paper RPG - Dungeons & Dragons 3.5 Edition - 2006.197035.torrent
2024-07-26 00:20:10,555 - INFO - File transferred successfully: C:/Users/matt/Downloads\Dungeons &amp; Dragons 3.5 Edition's torrents\2019 - 05\Pen and Paper RPG - Dungeons & Dragons 3.5 Edition - 2006.197042.torrent
2024-07-26 00:20:11,188 - INFO - File transferred successfully: C:/Users/matt/Downloads\Dungeons &amp; Dragons 3.5 Edition's torrents\2019 - 05\Pen and Paper RPG - Dungeons & Dragons 3.5 Edition - 2006.197078.torrent
2024-07-26 00:20:11,801 - INFO - File transferred successfully: C:/Users/matt/Downloads\Dungeons &amp; Dragons 3.5 Edition's torrents\2019 - 05\Pen and Paper RPG - Dungeons & Dragons 3.5 Edition - 2006.197079.torrent
2024-07-26 00:20:12,457 - INFO - File transferred successfully: C:/Users/matt/Downloads\Dungeons &amp; Dragons 3.5 Edition's torrents\2019 - 05\Pen and Paper RPG - Dungeons & Dragons 3.5 Edition - 2006.197117.torrent
2024-07-26 00:20:13,009 - INFO - File transferred successfully: C:/Users/matt/Downloads\Dungeons &amp; Dragons 3.5 Edition's torrents\2019 - 05\Pen and Paper RPG - Dungeons & Dragons 3.5 Edition - 2006.197119.torrent
2024-07-26 00:20:13,579 - INFO - File transferred successfully: C:/Users/matt/Downloads\Dungeons &amp; Dragons 3.5 Edition's torrents\2019 - 05\Pen and Paper RPG - Dungeons & Dragons 3.5 Edition - 2006.197122.torrent
2024-07-26 00:20:14,151 - INFO - File transferred successfully: C:/Users/matt/Downloads\Dungeons &amp; Dragons 3.5 Edition's torrents\2019 - 05\Pen and Paper RPG - Dungeons & Dragons 3.5 Edition - 2006.197124.torrent
2024-07-26 00:20:14,669 - INFO - File transferred successfully: C:/Users/matt/Downloads\Dungeons &amp; Dragons 3.5 Edition's torrents\2019 - 05\Pen and Paper RPG - Dungeons & Dragons 3.5 Edition - 2007.197120.torrent
2024-07-26 00:22:55,221 - WARNING - Ignoring file with non-torrent extension: C:/Users/matt/Downloads\XqVInmnH.torrent.part
2024-07-26 00:22:55,742 - INFO - File transferred successfully: C:/Users/matt/Downloads\Windows - Fallout_ London - 2024 (Fallout_ London v2.31 revision2 (75054)).690692.torrent
2024-07-26 00:22:57,467 - INFO - File transferred successfully: C:/Users/matt/Downloads\Windows - Fallout_ London - 2024 (Fallout_ London v2.31 revision2 (75054)).690692(1).torrent
2024-07-26 00:23:56,312 - WARNING - Ignoring file with non-torrent extension: C:/Users/matt/Downloads\3hG78_Gn.torrent.part
2024-07-26 00:23:56,892 - INFO - File transferred successfully: C:/Users/matt/Downloads\Windows - Fallout 4 - 2023 (Fallout 4_ Game of the Year Edition v1.10.163.0 (66700)).569914.torrent
2024-07-26 00:23:57,613 - INFO - File transferred successfully: C:/Users/matt/Downloads\Windows - Fallout 4 - 2023 (Fallout 4_ Game of the Year Edition v1.10.163.0 (66700)).569914(1).torrent
2024-07-26 01:03:21,748 - WARNING - Ignoring file with non-torrent extension: C:/Users/matt/Downloads\y4BkXIzb.torrent.part
2024-07-26 01:03:22,462 - INFO - File transferred successfully: C:/Users/matt/Downloads\Martin O'Donnell and Michael Salvatori.2009.Halo 3 ODST Original Soundtrack.(CD-FLAC-Lossless)-2160070(1).torrent
2024-07-26 01:05:16,131 - WARNING - Ignoring file with non-torrent extension: C:/Users/matt/Downloads\OUc862px.torrent.part
2024-07-26 01:05:16,741 - INFO - File transferred successfully: C:/Users/matt/Downloads\Martin O'Donnell.2021.Inception Halo.(WEB-FLAC-24bit Lossless)-1621148.torrent
2024-07-26 01:13:42,443 - WARNING - Ignoring file with non-torrent extension: C:/Users/matt/Downloads\C3ZUOudS.zip.part
2024-07-26 01:13:42,488 - WARNING - Ignoring file with non-torrent extension: C:/Users/matt/Downloads\nssm-2.24-101-g897c7ad.zip
2024-07-26 01:13:54,249 - WARNING - Ignoring file with non-torrent extension: C:/Users/matt/Downloads\nssm-2.24-101-g897c7ad\nssm-2.24-101-g897c7ad\ChangeLog.txt
2024-07-26 01:13:54,265 - WARNING - Ignoring file with non-torrent extension: C:/Users/matt/Downloads\nssm-2.24-101-g897c7ad\nssm-2.24-101-g897c7ad\README.txt
2024-07-26 01:13:54,435 - WARNING - Ignoring file with non-torrent extension: C:/Users/matt/Downloads\nssm-2.24-101-g897c7ad\nssm-2.24-101-g897c7ad\src\.gitattributes
2024-07-26 01:13:54,450 - WARNING - Ignoring file with non-torrent extension: C:/Users/matt/Downloads\nssm-2.24-101-g897c7ad\nssm-2.24-101-g897c7ad\src\account.cpp
2024-07-26 01:13:54,450 - WARNING - Ignoring file with non-torrent extension: C:/Users/matt/Downloads\nssm-2.24-101-g897c7ad\nssm-2.24-101-g897c7ad\src\account.h
2024-07-26 01:13:54,480 - WARNING - Ignoring file with non-torrent extension: C:/Users/matt/Downloads\nssm-2.24-101-g897c7ad\nssm-2.24-101-g897c7ad\src\console.cpp
2024-07-26 01:13:54,496 - WARNING - Ignoring file with non-torrent extension: C:/Users/matt/Downloads\nssm-2.24-101-g897c7ad\nssm-2.24-101-g897c7ad\src\console.h
2024-07-26 01:13:54,512 - WARNING - Ignoring file with non-torrent extension: C:/Users/matt/Downloads\nssm-2.24-101-g897c7ad\nssm-2.24-101-g897c7ad\src\env.cpp
2024-07-26 01:13:54,527 - WARNING - Ignoring file with non-torrent extension: C:/Users/matt/Downloads\nssm-2.24-101-g897c7ad\nssm-2.24-101-g897c7ad\src\env.h
2024-07-26 01:13:54,527 - WARNING - Ignoring file with non-torrent extension: C:/Users/matt/Downloads\nssm-2.24-101-g897c7ad\nssm-2.24-101-g897c7ad\src\event.cpp
2024-07-26 01:13:54,543 - WARNING - Ignoring file with non-torrent extension: C:/Users/matt/Downloads\nssm-2.24-101-g897c7ad\nssm-2.24-101-g897c7ad\src\event.h
2024-07-26 01:13:54,543 - WARNING - Ignoring file with non-torrent extension: C:/Users/matt/Downloads\nssm-2.24-101-g897c7ad\nssm-2.24-101-g897c7ad\src\gui.cpp
2024-07-26 01:13:54,559 - WARNING - Ignoring file with non-torrent extension: C:/Users/matt/Downloads\nssm-2.24-101-g897c7ad\nssm-2.24-101-g897c7ad\src\gui.h
2024-07-26 01:13:54,574 - WARNING - Ignoring file with non-torrent extension: C:/Users/matt/Downloads\nssm-2.24-101-g897c7ad\nssm-2.24-101-g897c7ad\src\hook.cpp
2024-07-26 01:13:54,590 - WARNING - Ignoring file with non-torrent extension: C:/Users/matt/Downloads\nssm-2.24-101-g897c7ad\nssm-2.24-101-g897c7ad\src\hook.h
2024-07-26 01:13:54,605 - WARNING - Ignoring file with non-torrent extension: C:/Users/matt/Downloads\nssm-2.24-101-g897c7ad\nssm-2.24-101-g897c7ad\src\imports.cpp
2024-07-26 01:13:54,620 - WARNING - Ignoring file with non-torrent extension: C:/Users/matt/Downloads\nssm-2.24-101-g897c7ad\nssm-2.24-101-g897c7ad\src\imports.h
2024-07-26 01:13:54,667 - WARNING - Ignoring file with non-torrent extension: C:/Users/matt/Downloads\nssm-2.24-101-g897c7ad\nssm-2.24-101-g897c7ad\src\io.cpp
2024-07-26 01:13:54,699 - WARNING - Ignoring file with non-torrent extension: C:/Users/matt/Downloads\nssm-2.24-101-g897c7ad\nssm-2.24-101-g897c7ad\src\io.h
2024-07-26 01:13:54,714 - WARNING - Ignoring file with non-torrent extension: C:/Users/matt/Downloads\nssm-2.24-101-g897c7ad\nssm-2.24-101-g897c7ad\src\messages.mc
2024-07-26 01:13:54,714 - WARNING - Ignoring file with non-torrent extension: C:/Users/matt/Downloads\nssm-2.24-101-g897c7ad\nssm-2.24-101-g897c7ad\src\nssm.cpp
2024-07-26 01:13:54,729 - WARNING - Ignoring file with non-torrent extension: C:/Users/matt/Downloads\nssm-2.24-101-g897c7ad\nssm-2.24-101-g897c7ad\src\nssm.h
2024-07-26 01:13:54,745 - WARNING - Ignoring file with non-torrent extension: C:/Users/matt/Downloads\nssm-2.24-101-g897c7ad\nssm-2.24-101-g897c7ad\src\nssm.ico
2024-07-26 01:13:54,761 - WARNING - Ignoring file with non-torrent extension: C:/Users/matt/Downloads\nssm-2.24-101-g897c7ad\nssm-2.24-101-g897c7ad\src\nssm.rc
2024-07-26 01:13:54,794 - WARNING - Ignoring file with non-torrent extension: C:/Users/matt/Downloads\nssm-2.24-101-g897c7ad\nssm-2.24-101-g897c7ad\src\nssm.sln
2024-07-26 01:13:54,810 - WARNING - Ignoring file with non-torrent extension: C:/Users/matt/Downloads\nssm-2.24-101-g897c7ad\nssm-2.24-101-g897c7ad\src\nssm.vcproj
2024-07-26 01:13:54,825 - WARNING - Ignoring file with non-torrent extension: C:/Users/matt/Downloads\nssm-2.24-101-g897c7ad\nssm-2.24-101-g897c7ad\src\process.cpp
2024-07-26 01:13:54,840 - WARNING - Ignoring file with non-torrent extension: C:/Users/matt/Downloads\nssm-2.24-101-g897c7ad\nssm-2.24-101-g897c7ad\src\process.h
2024-07-26 01:13:54,856 - WARNING - Ignoring file with non-torrent extension: C:/Users/matt/Downloads\nssm-2.24-101-g897c7ad\nssm-2.24-101-g897c7ad\src\registry.cpp
2024-07-26 01:13:54,856 - WARNING - Ignoring file with non-torrent extension: C:/Users/matt/Downloads\nssm-2.24-101-g897c7ad\nssm-2.24-101-g897c7ad\src\registry.h
2024-07-26 01:13:54,871 - WARNING - Ignoring file with non-torrent extension: C:/Users/matt/Downloads\nssm-2.24-101-g897c7ad\nssm-2.24-101-g897c7ad\src\resource.h
2024-07-26 01:13:54,918 - WARNING - Ignoring file with non-torrent extension: C:/Users/matt/Downloads\nssm-2.24-101-g897c7ad\nssm-2.24-101-g897c7ad\src\service.cpp
2024-07-26 01:13:54,933 - WARNING - Ignoring file with non-torrent extension: C:/Users/matt/Downloads\nssm-2.24-101-g897c7ad\nssm-2.24-101-g897c7ad\src\service.h
2024-07-26 01:13:54,948 - WARNING - Ignoring file with non-torrent extension: C:/Users/matt/Downloads\nssm-2.24-101-g897c7ad\nssm-2.24-101-g897c7ad\src\settings.cpp
2024-07-26 01:13:54,963 - WARNING - Ignoring file with non-torrent extension: C:/Users/matt/Downloads\nssm-2.24-101-g897c7ad\nssm-2.24-101-g897c7ad\src\settings.h
2024-07-26 01:13:54,993 - WARNING - Ignoring file with non-torrent extension: C:/Users/matt/Downloads\nssm-2.24-101-g897c7ad\nssm-2.24-101-g897c7ad\src\utf8.cpp
2024-07-26 01:13:55,008 - WARNING - Ignoring file with non-torrent extension: C:/Users/matt/Downloads\nssm-2.24-101-g897c7ad\nssm-2.24-101-g897c7ad\src\utf8.h
2024-07-26 01:13:55,023 - WARNING - Ignoring file with non-torrent extension: C:/Users/matt/Downloads\nssm-2.24-101-g897c7ad\nssm-2.24-101-g897c7ad\src\version.cmd
2024-07-26 01:13:55,053 - WARNING - Ignoring file with non-torrent extension: C:/Users/matt/Downloads\nssm-2.24-101-g897c7ad\nssm-2.24-101-g897c7ad\win32\nssm.exe
2024-07-26 01:13:55,069 - WARNING - Ignoring file with non-torrent extension: C:/Users/matt/Downloads\nssm-2.24-101-g897c7ad\nssm-2.24-101-g897c7ad\win64\nssm.exe
2024-07-26 01:13:55,084 - WARNING - Ignoring file with non-torrent extension: C:/Users/matt/Downloads\nssm-2.24-101-g897c7ad\nssm-2.24-101-g897c7ad\ChangeLog.txt
2024-07-26 01:13:55,099 - WARNING - Ignoring file with non-torrent extension: C:/Users/matt/Downloads\nssm-2.24-101-g897c7ad\nssm-2.24-101-g897c7ad\README.txt
2024-07-26 01:13:55,114 - WARNING - Ignoring file with non-torrent extension: C:/Users/matt/Downloads\nssm-2.24-101-g897c7ad\nssm-2.24-101-g897c7ad\src\.gitattributes
2024-07-26 01:13:55,129 - WARNING - Ignoring file with non-torrent extension: C:/Users/matt/Downloads\nssm-2.24-101-g897c7ad\nssm-2.24-101-g897c7ad\src\account.cpp
2024-07-26 01:13:55,144 - WARNING - Ignoring file with non-torrent extension: C:/Users/matt/Downloads\nssm-2.24-101-g897c7ad\nssm-2.24-101-g897c7ad\src\account.h
2024-07-26 01:13:55,159 - WARNING - Ignoring file with non-torrent extension: C:/Users/matt/Downloads\nssm-2.24-101-g897c7ad\nssm-2.24-101-g897c7ad\src\console.cpp
2024-07-26 01:13:55,159 - WARNING - Ignoring file with non-torrent extension: C:/Users/matt/Downloads\nssm-2.24-101-g897c7ad\nssm-2.24-101-g897c7ad\src\console.h
2024-07-26 01:13:55,174 - WARNING - Ignoring file with non-torrent extension: C:/Users/matt/Downloads\nssm-2.24-101-g897c7ad\nssm-2.24-101-g897c7ad\src\env.cpp
2024-07-26 01:13:55,174 - WARNING - Ignoring file with non-torrent extension: C:/Users/matt/Downloads\nssm-2.24-101-g897c7ad\nssm-2.24-101-g897c7ad\src\env.h
2024-07-26 01:13:55,190 - WARNING - Ignoring file with non-torrent extension: C:/Users/matt/Downloads\nssm-2.24-101-g897c7ad\nssm-2.24-101-g897c7ad\src\event.cpp
2024-07-26 01:13:55,205 - WARNING - Ignoring file with non-torrent extension: C:/Users/matt/Downloads\nssm-2.24-101-g897c7ad\nssm-2.24-101-g897c7ad\src\event.h
2024-07-26 01:13:55,221 - WARNING - Ignoring file with non-torrent extension: C:/Users/matt/Downloads\nssm-2.24-101-g897c7ad\nssm-2.24-101-g897c7ad\src\gui.cpp
2024-07-26 01:13:55,236 - WARNING - Ignoring file with non-torrent extension: C:/Users/matt/Downloads\nssm-2.24-101-g897c7ad\nssm-2.24-101-g897c7ad\src\gui.h
2024-07-26 01:13:55,251 - WARNING - Ignoring file with non-torrent extension: C:/Users/matt/Downloads\nssm-2.24-101-g897c7ad\nssm-2.24-101-g897c7ad\src\hook.cpp
2024-07-26 01:13:55,267 - WARNING - Ignoring file with non-torrent extension: C:/Users/matt/Downloads\nssm-2.24-101-g897c7ad\nssm-2.24-101-g897c7ad\src\hook.h
2024-07-26 01:13:55,283 - WARNING - Ignoring file with non-torrent extension: C:/Users/matt/Downloads\nssm-2.24-101-g897c7ad\nssm-2.24-101-g897c7ad\src\imports.cpp
2024-07-26 01:13:55,299 - WARNING - Ignoring file with non-torrent extension: C:/Users/matt/Downloads\nssm-2.24-101-g897c7ad\nssm-2.24-101-g897c7ad\src\imports.h
2024-07-26 01:13:55,315 - WARNING - Ignoring file with non-torrent extension: C:/Users/matt/Downloads\nssm-2.24-101-g897c7ad\nssm-2.24-101-g897c7ad\src\io.cpp
2024-07-26 01:13:55,331 - WARNING - Ignoring file with non-torrent extension: C:/Users/matt/Downloads\nssm-2.24-101-g897c7ad\nssm-2.24-101-g897c7ad\src\io.h
2024-07-26 01:13:55,363 - WARNING - Ignoring file with non-torrent extension: C:/Users/matt/Downloads\nssm-2.24-101-g897c7ad\nssm-2.24-101-g897c7ad\src\messages.mc
2024-07-26 01:13:55,379 - WARNING - Ignoring file with non-torrent extension: C:/Users/matt/Downloads\nssm-2.24-101-g897c7ad\nssm-2.24-101-g897c7ad\src\nssm.cpp
2024-07-26 01:13:55,394 - WARNING - Ignoring file with non-torrent extension: C:/Users/matt/Downloads\nssm-2.24-101-g897c7ad\nssm-2.24-101-g897c7ad\src\nssm.h
2024-07-26 01:13:55,409 - WARNING - Ignoring file with non-torrent extension: C:/Users/matt/Downloads\nssm-2.24-101-g897c7ad\nssm-2.24-101-g897c7ad\src\nssm.ico
2024-07-26 01:13:55,425 - WARNING - Ignoring file with non-torrent extension: C:/Users/matt/Downloads\nssm-2.24-101-g897c7ad\nssm-2.24-101-g897c7ad\src\nssm.rc
2024-07-26 01:13:55,440 - WARNING - Ignoring file with non-torrent extension: C:/Users/matt/Downloads\nssm-2.24-101-g897c7ad\nssm-2.24-101-g897c7ad\src\nssm.sln
2024-07-26 01:13:55,455 - WARNING - Ignoring file with non-torrent extension: C:/Users/matt/Downloads\nssm-2.24-101-g897c7ad\nssm-2.24-101-g897c7ad\src\nssm.vcproj
2024-07-26 01:13:55,471 - WARNING - Ignoring file with non-torrent extension: C:/Users/matt/Downloads\nssm-2.24-101-g897c7ad\nssm-2.24-101-g897c7ad\src\process.cpp
2024-07-26 01:13:55,487 - WARNING - Ignoring file with non-torrent extension: C:/Users/matt/Downloads\nssm-2.24-101-g897c7ad\nssm-2.24-101-g897c7ad\src\process.h
2024-07-26 01:13:55,503 - WARNING - Ignoring file with non-torrent extension: C:/Users/matt/Downloads\nssm-2.24-101-g897c7ad\nssm-2.24-101-g897c7ad\src\registry.cpp
2024-07-26 01:13:55,519 - WARNING - Ignoring file with non-torrent extension: C:/Users/matt/Downloads\nssm-2.24-101-g897c7ad\nssm-2.24-101-g897c7ad\src\registry.h
2024-07-26 01:13:55,535 - WARNING - Ignoring file with non-torrent extension: C:/Users/matt/Downloads\nssm-2.24-101-g897c7ad\nssm-2.24-101-g897c7ad\src\resource.h
2024-07-26 01:13:55,550 - WARNING - Ignoring file with non-torrent extension: C:/Users/matt/Downloads\nssm-2.24-101-g897c7ad\nssm-2.24-101-g897c7ad\src\service.cpp
2024-07-26 01:13:55,565 - WARNING - Ignoring file with non-torrent extension: C:/Users/matt/Downloads\nssm-2.24-101-g897c7ad\nssm-2.24-101-g897c7ad\src\service.h
2024-07-26 01:13:55,580 - WARNING - Ignoring file with non-torrent extension: C:/Users/matt/Downloads\nssm-2.24-101-g897c7ad\nssm-2.24-101-g897c7ad\src\settings.cpp
2024-07-26 01:13:55,595 - WARNING - Ignoring file with non-torrent extension: C:/Users/matt/Downloads\nssm-2.24-101-g897c7ad\nssm-2.24-101-g897c7ad\src\settings.h
2024-07-26 01:13:55,611 - WARNING - Ignoring file with non-torrent extension: C:/Users/matt/Downloads\nssm-2.24-101-g897c7ad\nssm-2.24-101-g897c7ad\src\utf8.cpp
2024-07-26 01:13:55,627 - WARNING - Ignoring file with non-torrent extension: C:/Users/matt/Downloads\nssm-2.24-101-g897c7ad\nssm-2.24-101-g897c7ad\src\utf8.h
2024-07-26 01:13:55,642 - WARNING - Ignoring file with non-torrent extension: C:/Users/matt/Downloads\nssm-2.24-101-g897c7ad\nssm-2.24-101-g897c7ad\src\version.cmd
2024-07-26 01:13:55,657 - WARNING - Ignoring file with non-torrent extension: C:/Users/matt/Downloads\nssm-2.24-101-g897c7ad\nssm-2.24-101-g897c7ad\win32\nssm.exe
2024-07-26 01:13:55,672 - WARNING - Ignoring file with non-torrent extension: C:/Users/matt/Downloads\nssm-2.24-101-g897c7ad\nssm-2.24-101-g897c7ad\win64\nssm.exe
2024-07-26 01:13:55,688 - WARNING - Ignoring file with non-torrent extension: C:/Users/matt/Downloads\nssm-2.24-101-g897c7ad\nssm-2.24-101-g897c7ad\ChangeLog.txt
2024-07-26 01:13:55,703 - WARNING - Ignoring file with non-torrent extension: C:/Users/matt/Downloads\nssm-2.24-101-g897c7ad\nssm-2.24-101-g897c7ad\README.txt
2024-07-26 01:13:55,718 - WARNING - Ignoring file with non-torrent extension: C:/Users/matt/Downloads\nssm-2.24-101-g897c7ad\nssm-2.24-101-g897c7ad\src\.gitattributes
2024-07-26 01:13:55,734 - WARNING - Ignoring file with non-torrent extension: C:/Users/matt/Downloads\nssm-2.24-101-g897c7ad\nssm-2.24-101-g897c7ad\src\account.cpp
2024-07-26 01:13:55,764 - WARNING - Ignoring file with non-torrent extension: C:/Users/matt/Downloads\nssm-2.24-101-g897c7ad\nssm-2.24-101-g897c7ad\src\account.h
2024-07-26 01:13:55,779 - WARNING - Ignoring file with non-torrent extension: C:/Users/matt/Downloads\nssm-2.24-101-g897c7ad\nssm-2.24-101-g897c7ad\src\console.cpp
2024-07-26 01:13:55,794 - WARNING - Ignoring file with non-torrent extension: C:/Users/matt/Downloads\nssm-2.24-101-g897c7ad\nssm-2.24-101-g897c7ad\src\console.h
2024-07-26 01:13:55,809 - WARNING - Ignoring file with non-torrent extension: C:/Users/matt/Downloads\nssm-2.24-101-g897c7ad\nssm-2.24-101-g897c7ad\src\env.cpp
2024-07-26 01:13:55,824 - WARNING - Ignoring file with non-torrent extension: C:/Users/matt/Downloads\nssm-2.24-101-g897c7ad\nssm-2.24-101-g897c7ad\src\env.h
2024-07-26 01:13:55,839 - WARNING - Ignoring file with non-torrent extension: C:/Users/matt/Downloads\nssm-2.24-101-g897c7ad\nssm-2.24-101-g897c7ad\src\event.cpp
2024-07-26 01:13:55,854 - WARNING - Ignoring file with non-torrent extension: C:/Users/matt/Downloads\nssm-2.24-101-g897c7ad\nssm-2.24-101-g897c7ad\src\event.h
2024-07-26 01:13:55,869 - WARNING - Ignoring file with non-torrent extension: C:/Users/matt/Downloads\nssm-2.24-101-g897c7ad\nssm-2.24-101-g897c7ad\src\gui.cpp
2024-07-26 01:13:55,885 - WARNING - Ignoring file with non-torrent extension: C:/Users/matt/Downloads\nssm-2.24-101-g897c7ad\nssm-2.24-101-g897c7ad\src\gui.h
2024-07-26 01:13:55,901 - WARNING - Ignoring file with non-torrent extension: C:/Users/matt/Downloads\nssm-2.24-101-g897c7ad\nssm-2.24-101-g897c7ad\src\hook.cpp
2024-07-26 01:13:55,917 - WARNING - Ignoring file with non-torrent extension: C:/Users/matt/Downloads\nssm-2.24-101-g897c7ad\nssm-2.24-101-g897c7ad\src\hook.h
2024-07-26 01:13:55,933 - WARNING - Ignoring file with non-torrent extension: C:/Users/matt/Downloads\nssm-2.24-101-g897c7ad\nssm-2.24-101-g897c7ad\src\imports.cpp
2024-07-26 01:13:55,948 - WARNING - Ignoring file with non-torrent extension: C:/Users/matt/Downloads\nssm-2.24-101-g897c7ad\nssm-2.24-101-g897c7ad\src\imports.h
2024-07-26 01:13:55,963 - WARNING - Ignoring file with non-torrent extension: C:/Users/matt/Downloads\nssm-2.24-101-g897c7ad\nssm-2.24-101-g897c7ad\src\io.cpp
2024-07-26 01:13:55,978 - WARNING - Ignoring file with non-torrent extension: C:/Users/matt/Downloads\nssm-2.24-101-g897c7ad\nssm-2.24-101-g897c7ad\src\io.h
2024-07-26 01:13:56,009 - WARNING - Ignoring file with non-torrent extension: C:/Users/matt/Downloads\nssm-2.24-101-g897c7ad\nssm-2.24-101-g897c7ad\src\messages.mc
2024-07-26 01:13:56,040 - WARNING - Ignoring file with non-torrent extension: C:/Users/matt/Downloads\nssm-2.24-101-g897c7ad\nssm-2.24-101-g897c7ad\src\nssm.cpp
2024-07-26 01:13:56,055 - WARNING - Ignoring file with non-torrent extension: C:/Users/matt/Downloads\nssm-2.24-101-g897c7ad\nssm-2.24-101-g897c7ad\src\nssm.h
2024-07-26 01:13:56,071 - WARNING - Ignoring file with non-torrent extension: C:/Users/matt/Downloads\nssm-2.24-101-g897c7ad\nssm-2.24-101-g897c7ad\src\nssm.ico
2024-07-26 01:13:56,087 - WARNING - Ignoring file with non-torrent extension: C:/Users/matt/Downloads\nssm-2.24-101-g897c7ad\nssm-2.24-101-g897c7ad\src\nssm.rc
2024-07-26 01:13:56,102 - WARNING - Ignoring file with non-torrent extension: C:/Users/matt/Downloads\nssm-2.24-101-g897c7ad\nssm-2.24-101-g897c7ad\src\nssm.sln
2024-07-26 01:13:56,117 - WARNING - Ignoring file with non-torrent extension: C:/Users/matt/Downloads\nssm-2.24-101-g897c7ad\nssm-2.24-101-g897c7ad\src\nssm.vcproj
2024-07-26 01:13:56,133 - WARNING - Ignoring file with non-torrent extension: C:/Users/matt/Downloads\nssm-2.24-101-g897c7ad\nssm-2.24-101-g897c7ad\src\process.cpp
2024-07-26 01:13:56,149 - WARNING - Ignoring file with non-torrent extension: C:/Users/matt/Downloads\nssm-2.24-101-g897c7ad\nssm-2.24-101-g897c7ad\src\process.h
2024-07-26 01:13:56,164 - WARNING - Ignoring file with non-torrent extension: C:/Users/matt/Downloads\nssm-2.24-101-g897c7ad\nssm-2.24-101-g897c7ad\src\registry.cpp
2024-07-26 01:13:56,180 - WARNING - Ignoring file with non-torrent extension: C:/Users/matt/Downloads\nssm-2.24-101-g897c7ad\nssm-2.24-101-g897c7ad\src\registry.h
2024-07-26 01:13:56,195 - WARNING - Ignoring file with non-torrent extension: C:/Users/matt/Downloads\nssm-2.24-101-g897c7ad\nssm-2.24-101-g897c7ad\src\resource.h
2024-07-26 01:13:56,211 - WARNING - Ignoring file with non-torrent extension: C:/Users/matt/Downloads\nssm-2.24-101-g897c7ad\nssm-2.24-101-g897c7ad\src\service.cpp
2024-07-26 01:13:56,227 - WARNING - Ignoring file with non-torrent extension: C:/Users/matt/Downloads\nssm-2.24-101-g897c7ad\nssm-2.24-101-g897c7ad\src\service.h
2024-07-26 01:13:56,243 - WARNING - Ignoring file with non-torrent extension: C:/Users/matt/Downloads\nssm-2.24-101-g897c7ad\nssm-2.24-101-g897c7ad\src\settings.cpp
2024-07-26 01:13:56,258 - WARNING - Ignoring file with non-torrent extension: C:/Users/matt/Downloads\nssm-2.24-101-g897c7ad\nssm-2.24-101-g897c7ad\src\settings.h
2024-07-26 01:13:56,273 - WARNING - Ignoring file with non-torrent extension: C:/Users/matt/Downloads\nssm-2.24-101-g897c7ad\nssm-2.24-101-g897c7ad\src\utf8.cpp
2024-07-26 01:13:56,289 - WARNING - Ignoring file with non-torrent extension: C:/Users/matt/Downloads\nssm-2.24-101-g897c7ad\nssm-2.24-101-g897c7ad\src\utf8.h
2024-07-26 01:13:56,306 - WARNING - Ignoring file with non-torrent extension: C:/Users/matt/Downloads\nssm-2.24-101-g897c7ad\nssm-2.24-101-g897c7ad\src\version.cmd
2024-07-26 01:13:56,322 - WARNING - Ignoring file with non-torrent extension: C:/Users/matt/Downloads\nssm-2.24-101-g897c7ad\nssm-2.24-101-g897c7ad\src\.gitattributes
2024-07-26 01:13:56,352 - WARNING - Ignoring file with non-torrent extension: C:/Users/matt/Downloads\nssm-2.24-101-g897c7ad\nssm-2.24-101-g897c7ad\src\account.cpp
2024-07-26 01:13:56,368 - WARNING - Ignoring file with non-torrent extension: C:/Users/matt/Downloads\nssm-2.24-101-g897c7ad\nssm-2.24-101-g897c7ad\src\account.h
2024-07-26 01:13:56,384 - WARNING - Ignoring file with non-torrent extension: C:/Users/matt/Downloads\nssm-2.24-101-g897c7ad\nssm-2.24-101-g897c7ad\src\console.cpp
2024-07-26 01:13:56,415 - WARNING - Ignoring file with non-torrent extension: C:/Users/matt/Downloads\nssm-2.24-101-g897c7ad\nssm-2.24-101-g897c7ad\src\console.h
2024-07-26 01:13:56,430 - WARNING - Ignoring file with non-torrent extension: C:/Users/matt/Downloads\nssm-2.24-101-g897c7ad\nssm-2.24-101-g897c7ad\src\env.cpp
2024-07-26 01:13:56,446 - WARNING - Ignoring file with non-torrent extension: C:/Users/matt/Downloads\nssm-2.24-101-g897c7ad\nssm-2.24-101-g897c7ad\src\env.h
2024-07-26 01:13:56,461 - WARNING - Ignoring file with non-torrent extension: C:/Users/matt/Downloads\nssm-2.24-101-g897c7ad\nssm-2.24-101-g897c7ad\src\event.cpp
2024-07-26 01:13:56,491 - WARNING - Ignoring file with non-torrent extension: C:/Users/matt/Downloads\nssm-2.24-101-g897c7ad\nssm-2.24-101-g897c7ad\src\event.h
2024-07-26 01:13:56,506 - WARNING - Ignoring file with non-torrent extension: C:/Users/matt/Downloads\nssm-2.24-101-g897c7ad\nssm-2.24-101-g897c7ad\src\gui.cpp
2024-07-26 01:13:56,521 - WARNING - Ignoring file with non-torrent extension: C:/Users/matt/Downloads\nssm-2.24-101-g897c7ad\nssm-2.24-101-g897c7ad\src\gui.h
2024-07-26 01:13:56,536 - WARNING - Ignoring file with non-torrent extension: C:/Users/matt/Downloads\nssm-2.24-101-g897c7ad\nssm-2.24-101-g897c7ad\src\hook.cpp
2024-07-26 01:13:56,551 - WARNING - Ignoring file with non-torrent extension: C:/Users/matt/Downloads\nssm-2.24-101-g897c7ad\nssm-2.24-101-g897c7ad\src\hook.h
2024-07-26 01:13:56,566 - WARNING - Ignoring file with non-torrent extension: C:/Users/matt/Downloads\nssm-2.24-101-g897c7ad\nssm-2.24-101-g897c7ad\src\imports.cpp
2024-07-26 01:13:56,597 - WARNING - Ignoring file with non-torrent extension: C:/Users/matt/Downloads\nssm-2.24-101-g897c7ad\nssm-2.24-101-g897c7ad\src\imports.h
2024-07-26 01:13:56,613 - WARNING - Ignoring file with non-torrent extension: C:/Users/matt/Downloads\nssm-2.24-101-g897c7ad\nssm-2.24-101-g897c7ad\src\io.cpp
2024-07-26 01:13:56,628 - WARNING - Ignoring file with non-torrent extension: C:/Users/matt/Downloads\nssm-2.24-101-g897c7ad\nssm-2.24-101-g897c7ad\src\io.h
2024-07-26 01:13:56,643 - WARNING - Ignoring file with non-torrent extension: C:/Users/matt/Downloads\nssm-2.24-101-g897c7ad\nssm-2.24-101-g897c7ad\src\messages.mc
2024-07-26 01:13:56,659 - WARNING - Ignoring file with non-torrent extension: C:/Users/matt/Downloads\nssm-2.24-101-g897c7ad\nssm-2.24-101-g897c7ad\src\nssm.cpp
2024-07-26 01:13:56,675 - WARNING - Ignoring file with non-torrent extension: C:/Users/matt/Downloads\nssm-2.24-101-g897c7ad\nssm-2.24-101-g897c7ad\src\nssm.h
2024-07-26 01:13:56,691 - WARNING - Ignoring file with non-torrent extension: C:/Users/matt/Downloads\nssm-2.24-101-g897c7ad\nssm-2.24-101-g897c7ad\src\nssm.ico
2024-07-26 01:13:56,707 - WARNING - Ignoring file with non-torrent extension: C:/Users/matt/Downloads\nssm-2.24-101-g897c7ad\nssm-2.24-101-g897c7ad\src\nssm.rc
2024-07-26 01:13:56,723 - WARNING - Ignoring file with non-torrent extension: C:/Users/matt/Downloads\nssm-2.24-101-g897c7ad\nssm-2.24-101-g897c7ad\src\nssm.sln
2024-07-26 01:13:56,739 - WARNING - Ignoring file with non-torrent extension: C:/Users/matt/Downloads\nssm-2.24-101-g897c7ad\nssm-2.24-101-g897c7ad\src\nssm.vcproj
2024-07-26 01:13:56,755 - WARNING - Ignoring file with non-torrent extension: C:/Users/matt/Downloads\nssm-2.24-101-g897c7ad\nssm-2.24-101-g897c7ad\src\process.cpp
2024-07-26 01:13:56,770 - WARNING - Ignoring file with non-torrent extension: C:/Users/matt/Downloads\nssm-2.24-101-g897c7ad\nssm-2.24-101-g897c7ad\src\process.h
2024-07-26 01:13:56,785 - WARNING - Ignoring file with non-torrent extension: C:/Users/matt/Downloads\nssm-2.24-101-g897c7ad\nssm-2.24-101-g897c7ad\src\registry.cpp
2024-07-26 01:13:56,800 - WARNING - Ignoring file with non-torrent extension: C:/Users/matt/Downloads\nssm-2.24-101-g897c7ad\nssm-2.24-101-g897c7ad\src\registry.h
2024-07-26 01:13:56,815 - WARNING - Ignoring file with non-torrent extension: C:/Users/matt/Downloads\nssm-2.24-101-g897c7ad\nssm-2.24-101-g897c7ad\src\resource.h
2024-07-26 01:13:56,830 - WARNING - Ignoring file with non-torrent extension: C:/Users/matt/Downloads\nssm-2.24-101-g897c7ad\nssm-2.24-101-g897c7ad\src\service.cpp
2024-07-26 01:13:56,845 - WARNING - Ignoring file with non-torrent extension: C:/Users/matt/Downloads\nssm-2.24-101-g897c7ad\nssm-2.24-101-g897c7ad\src\service.h
2024-07-26 01:13:56,861 - WARNING - Ignoring file with non-torrent extension: C:/Users/matt/Downloads\nssm-2.24-101-g897c7ad\nssm-2.24-101-g897c7ad\src\settings.cpp
2024-07-26 01:13:56,878 - WARNING - Ignoring file with non-torrent extension: C:/Users/matt/Downloads\nssm-2.24-101-g897c7ad\nssm-2.24-101-g897c7ad\src\settings.h
2024-07-26 01:13:56,908 - WARNING - Ignoring file with non-torrent extension: C:/Users/matt/Downloads\nssm-2.24-101-g897c7ad\nssm-2.24-101-g897c7ad\src\utf8.cpp
2024-07-26 01:13:57,002 - WARNING - Ignoring file with non-torrent extension: C:/Users/matt/Downloads\nssm-2.24-101-g897c7ad\nssm-2.24-101-g897c7ad\src\utf8.h
2024-07-26 01:13:57,048 - WARNING - Ignoring file with non-torrent extension: C:/Users/matt/Downloads\nssm-2.24-101-g897c7ad\nssm-2.24-101-g897c7ad\src\version.cmd
2024-07-26 01:13:57,202 - WARNING - Ignoring file with non-torrent extension: C:/Users/matt/Downloads\nssm-2.24-101-g897c7ad\nssm-2.24-101-g897c7ad\win32\nssm.exe
2024-07-26 01:13:57,248 - WARNING - Ignoring file with non-torrent extension: C:/Users/matt/Downloads\nssm-2.24-101-g897c7ad\nssm-2.24-101-g897c7ad\win32\nssm.exe
2024-07-26 01:13:57,438 - WARNING - Ignoring file with non-torrent extension: C:/Users/matt/Downloads\nssm-2.24-101-g897c7ad\nssm-2.24-101-g897c7ad\win64\nssm.exe
2024-07-26 01:13:57,485 - WARNING - Ignoring file with non-torrent extension: C:/Users/matt/Downloads\nssm-2.24-101-g897c7ad\nssm-2.24-101-g897c7ad\win64\nssm.exe
